# JRE version: OpenJDK Runtime Environment (8.0_242-b01) (build 1.8.0_242-release-1644-b01)
# Java VM: OpenJDK 64-Bit Server VM (25.242-b01 mixed mode windows-amd64 compressed oops)
Heap:
 PSYoungGen      total 629248K, used 606392K [0x00000000d5580000, 0x0000000100000000, 0x0000000100000000)
  eden space 589312K, 96% used [0x00000000d5580000,0x00000000f7eb19b8,0x00000000f9500000)
  from space 39936K, 99% used [0x00000000fd900000,0x00000000ffffc7d0,0x0000000100000000)
  to   space 54784K, 0% used [0x00000000f9500000,0x00000000f9500000,0x00000000fca80000)
 ParOldGen       total 209920K, used 121811K [0x0000000080000000, 0x000000008cd00000, 0x00000000d5580000)
  object space 209920K, 58% used [0x0000000080000000,0x00000000876f4f28,0x000000008cd00000)
 Metaspace       used 96306K, capacity 101724K, committed 101784K, reserved 1138688K
  class space    used 12480K, capacity 13433K, committed 13488K, reserved 1048576K
GC Heap History (10 events):
Event: 192.742 GC heap before
{Heap before GC invocations=28 (full 4):
 PSYoungGen      total 604672K, used 582118K [0x00000000d5580000, 0x0000000100000000, 0x0000000100000000)
  eden space 564224K, 100% used [0x00000000d5580000,0x00000000f7c80000,0x00000000f7c80000)
  from space 40448K, 44% used [0x00000000f7c80000,0x00000000f8df99b8,0x00000000fa400000)
  to   space 38400K, 0% used [0x00000000fda80000,0x00000000fda80000,0x0000000100000000)
 ParOldGen       total 209920K, used 104692K [0x0000000080000000, 0x000000008cd00000, 0x00000000d5580000)
  object space 209920K, 49% used [0x0000000080000000,0x000000008663d1f0,0x000000008cd00000)
 Metaspace       used 92336K, capacity 97028K, committed 97176K, reserved 1134592K
  class space    used 12082K, capacity 12909K, committed 12976K, reserved 1048576K
Event: 192.778 GC heap after
Heap after GC invocations=28 (full 4):
 PSYoungGen      total 656384K, used 22060K [0x00000000d5580000, 0x00000000ffe00000, 0x0000000100000000)
  eden space 620032K, 0% used [0x00000000d5580000,0x00000000d5580000,0x00000000fb300000)
  from space 36352K, 60% used [0x00000000fda80000,0x00000000ff00b1d0,0x00000000ffe00000)
  to   space 38400K, 0% used [0x00000000fb300000,0x00000000fb300000,0x00000000fd880000)
 ParOldGen       total 209920K, used 104692K [0x0000000080000000, 0x000000008cd00000, 0x00000000d5580000)
  object space 209920K, 49% used [0x0000000080000000,0x000000008663d1f0,0x000000008cd00000)
 Metaspace       used 92336K, capacity 97028K, committed 97176K, reserved 1134592K
  class space    used 12082K, capacity 12909K, committed 12976K, reserved 1048576K
}
Event: 194.170 GC heap before
{Heap before GC invocations=29 (full 4):
 PSYoungGen      total 656384K, used 642092K [0x00000000d5580000, 0x00000000ffe00000, 0x0000000100000000)
  eden space 620032K, 100% used [0x00000000d5580000,0x00000000fb300000,0x00000000fb300000)
  from space 36352K, 60% used [0x00000000fda80000,0x00000000ff00b1d0,0x00000000ffe00000)
  to   space 38400K, 0% used [0x00000000fb300000,0x00000000fb300000,0x00000000fd880000)
 ParOldGen       total 209920K, used 104692K [0x0000000080000000, 0x000000008cd00000, 0x00000000d5580000)
  object space 209920K, 49% used [0x0000000080000000,0x000000008663d1f0,0x000000008cd00000)
 Metaspace       used 92364K, capacity 97028K, committed 97176K, reserved 1134592K
  class space    used 12082K, capacity 12909K, committed 12976K, reserved 1048576K
Event: 194.208 GC heap after
Heap after GC invocations=29 (full 4):
 PSYoungGen      total 658432K, used 28024K [0x00000000d5580000, 0x0000000100000000, 0x0000000100000000)
  eden space 620032K, 0% used [0x00000000d5580000,0x00000000d5580000,0x00000000fb300000)
  from space 38400K, 72% used [0x00000000fb300000,0x00000000fce5e090,0x00000000fd880000)
  to   space 39936K, 0% used [0x00000000fd900000,0x00000000fd900000,0x0000000100000000)
 ParOldGen       total 209920K, used 104692K [0x0000000080000000, 0x000000008cd00000, 0x00000000d5580000)
  object space 209920K, 49% used [0x0000000080000000,0x000000008663d1f0,0x000000008cd00000)
 Metaspace       used 92364K, capacity 97028K, committed 97176K, reserved 1134592K
  class space    used 12082K, capacity 12909K, committed 12976K, reserved 1048576K
}
Event: 196.350 GC heap before
{Heap before GC invocations=30 (full 4):
 PSYoungGen      total 658432K, used 648056K [0x00000000d5580000, 0x0000000100000000, 0x0000000100000000)
  eden space 620032K, 100% used [0x00000000d5580000,0x00000000fb300000,0x00000000fb300000)
  from space 38400K, 72% used [0x00000000fb300000,0x00000000fce5e090,0x00000000fd880000)
  to   space 39936K, 0% used [0x00000000fd900000,0x00000000fd900000,0x0000000100000000)
 ParOldGen       total 209920K, used 104692K [0x0000000080000000, 0x000000008cd00000, 0x00000000d5580000)
  object space 209920K, 49% used [0x0000000080000000,0x000000008663d1f0,0x000000008cd00000)
 Metaspace       used 92668K, capacity 97434K, committed 97560K, reserved 1134592K
  class space    used 12133K, capacity 12980K, committed 13104K, reserved 1048576K
Event: 196.374 GC heap after
Heap after GC invocations=30 (full 4):
 PSYoungGen      total 658944K, used 20091K [0x00000000d5580000, 0x00000000ffe80000, 0x0000000100000000)
  eden space 620544K, 0% used [0x00000000d5580000,0x00000000d5580000,0x00000000fb380000)
  from space 38400K, 52% used [0x00000000fd900000,0x00000000fec9ef60,0x00000000ffe80000)
  to   space 38400K, 0% used [0x00000000fb380000,0x00000000fb380000,0x00000000fd900000)
 ParOldGen       total 209920K, used 104700K [0x0000000080000000, 0x000000008cd00000, 0x00000000d5580000)
  object space 209920K, 49% used [0x0000000080000000,0x000000008663f1f0,0x000000008cd00000)
 Metaspace       used 92668K, capacity 97434K, committed 97560K, reserved 1134592K
  class space    used 12133K, capacity 12980K, committed 13104K, reserved 1048576K
}
Event: 198.153 GC heap before
{Heap before GC invocations=31 (full 4):
 PSYoungGen      total 658944K, used 640635K [0x00000000d5580000, 0x00000000ffe80000, 0x0000000100000000)
  eden space 620544K, 100% used [0x00000000d5580000,0x00000000fb380000,0x00000000fb380000)
  from space 38400K, 52% used [0x00000000fd900000,0x00000000fec9ef60,0x00000000ffe80000)
  to   space 38400K, 0% used [0x00000000fb380000,0x00000000fb380000,0x00000000fd900000)
 ParOldGen       total 209920K, used 104700K [0x0000000080000000, 0x000000008cd00000, 0x00000000d5580000)
  object space 209920K, 49% used [0x0000000080000000,0x000000008663f1f0,0x000000008cd00000)
 Metaspace       used 93412K, capacity 98236K, committed 98328K, reserved 1134592K
  class space    used 12217K, capacity 13071K, committed 13104K, reserved 1048576K
Event: 198.207 GC heap after
Heap after GC invocations=31 (full 4):
 PSYoungGen      total 658944K, used 38390K [0x00000000d5580000, 0x0000000100000000, 0x0000000100000000)
  eden space 620544K, 0% used [0x00000000d5580000,0x00000000d5580000,0x00000000fb380000)
  from space 38400K, 99% used [0x00000000fb380000,0x00000000fd8fdb00,0x00000000fd900000)
  to   space 39936K, 0% used [0x00000000fd900000,0x00000000fd900000,0x0000000100000000)
 ParOldGen       total 209920K, used 110419K [0x0000000080000000, 0x000000008cd00000, 0x00000000d5580000)
  object space 209920K, 52% used [0x0000000080000000,0x0000000086bd4ca8,0x000000008cd00000)
 Metaspace       used 93412K, capacity 98236K, committed 98328K, reserved 1134592K
  class space    used 12217K, capacity 13071K, committed 13104K, reserved 1048576K
}
Event: 1617.073 GC heap before
{Heap before GC invocations=32 (full 4):
 PSYoungGen      total 658944K, used 658934K [0x00000000d5580000, 0x0000000100000000, 0x0000000100000000)
  eden space 620544K, 100% used [0x00000000d5580000,0x00000000fb380000,0x00000000fb380000)
  from space 38400K, 99% used [0x00000000fb380000,0x00000000fd8fdb00,0x00000000fd900000)
  to   space 39936K, 0% used [0x00000000fd900000,0x00000000fd900000,0x0000000100000000)
 ParOldGen       total 209920K, used 110419K [0x0000000080000000, 0x000000008cd00000, 0x00000000d5580000)
  object space 209920K, 52% used [0x0000000080000000,0x0000000086bd4ca8,0x000000008cd00000)
 Metaspace       used 95514K, capacity 100534K, committed 100632K, reserved 1136640K
  class space    used 12415K, capacity 13314K, committed 13360K, reserved 1048576K
Event: 1617.129 GC heap after
Heap after GC invocations=32 (full 4):
 PSYoungGen      total 629248K, used 39921K [0x00000000d5580000, 0x0000000100000000, 0x0000000100000000)
  eden space 589312K, 0% used [0x00000000d5580000,0x00000000d5580000,0x00000000f9500000)
  from space 39936K, 99% used [0x00000000fd900000,0x00000000ffffc7d0,0x0000000100000000)
  to   space 54784K, 0% used [0x00000000f9500000,0x00000000f9500000,0x00000000fca80000)
 ParOldGen       total 209920K, used 121811K [0x0000000080000000, 0x000000008cd00000, 0x00000000d5580000)
  object space 209920K, 58% used [0x0000000080000000,0x00000000876f4f28,0x000000008cd00000)
 Metaspace       used 95514K, capacity 100534K, committed 100632K, reserved 1136640K
  class space    used 12415K, capacity 13314K, committed 13360K, reserved 1048576K
}

