# JRE version: OpenJDK Runtime Environment (8.0_242-b01) (build 1.8.0_242-release-1644-b01)
# Java VM: OpenJDK 64-Bit Server VM (25.242-b01 mixed mode windows-amd64 compressed oops)
Heap:
 PSYoungGen      total 359936K, used 21800K [0x00000000d5580000, 0x00000000ecb80000, 0x0000000100000000)
  eden space 336896K, 6% used [0x00000000d5580000,0x00000000d6aca070,0x00000000e9e80000)
  from space 23040K, 0% used [0x00000000e9e80000,0x00000000e9e80000,0x00000000eb500000)
  to   space 18944K, 0% used [0x00000000eb900000,0x00000000eb900000,0x00000000ecb80000)
 ParOldGen       total 102400K, used 55420K [0x0000000080000000, 0x0000000086400000, 0x00000000d5580000)
  object space 102400K, 54% used [0x0000000080000000,0x000000008361f390,0x0000000086400000)
 Metaspace       used 73301K, capacity 77186K, committed 77592K, reserved 1120256K
  class space    used 10174K, capacity 10913K, committed 11056K, reserved 1048576K
GC Heap History (10 events):
Event: 8.731 GC heap before
{Heap before GC invocations=16 (full 3):
 PSYoungGen      total 276480K, used 255488K [0x00000000d5580000, 0x00000000e7f80000, 0x0000000100000000)
  eden space 255488K, 100% used [0x00000000d5580000,0x00000000e4f00000,0x00000000e4f00000)
  from space 20992K, 0% used [0x00000000e6300000,0x00000000e6300000,0x00000000e7780000)
  to   space 20480K, 0% used [0x00000000e4f00000,0x00000000e4f00000,0x00000000e6300000)
 ParOldGen       total 102400K, used 33715K [0x0000000080000000, 0x0000000086400000, 0x00000000d5580000)
  object space 102400K, 32% used [0x0000000080000000,0x00000000820ecc28,0x0000000086400000)
 Metaspace       used 64572K, capacity 67588K, committed 67864K, reserved 1107968K
  class space    used 8873K, capacity 9466K, committed 9520K, reserved 1048576K
Event: 8.759 GC heap after
Heap after GC invocations=16 (full 3):
 PSYoungGen      total 275968K, used 20471K [0x00000000d5580000, 0x00000000ed080000, 0x0000000100000000)
  eden space 255488K, 0% used [0x00000000d5580000,0x00000000d5580000,0x00000000e4f00000)
  from space 20480K, 99% used [0x00000000e4f00000,0x00000000e62fddc0,0x00000000e6300000)
  to   space 24064K, 0% used [0x00000000eb900000,0x00000000eb900000,0x00000000ed080000)
 ParOldGen       total 102400K, used 34454K [0x0000000080000000, 0x0000000086400000, 0x00000000d5580000)
  object space 102400K, 33% used [0x0000000080000000,0x00000000821a58f8,0x0000000086400000)
 Metaspace       used 64572K, capacity 67588K, committed 67864K, reserved 1107968K
  class space    used 8873K, capacity 9466K, committed 9520K, reserved 1048576K
}
Event: 9.270 GC heap before
{Heap before GC invocations=17 (full 3):
 PSYoungGen      total 275968K, used 108076K [0x00000000d5580000, 0x00000000ed080000, 0x0000000100000000)
  eden space 255488K, 34% used [0x00000000d5580000,0x00000000dab0d560,0x00000000e4f00000)
  from space 20480K, 99% used [0x00000000e4f00000,0x00000000e62fddc0,0x00000000e6300000)
  to   space 24064K, 0% used [0x00000000eb900000,0x00000000eb900000,0x00000000ed080000)
 ParOldGen       total 102400K, used 34454K [0x0000000080000000, 0x0000000086400000, 0x00000000d5580000)
  object space 102400K, 33% used [0x0000000080000000,0x00000000821a58f8,0x0000000086400000)
 Metaspace       used 69074K, capacity 72634K, committed 72728K, reserved 1116160K
  class space    used 9546K, capacity 10235K, committed 10288K, reserved 1048576K
Event: 9.291 GC heap after
Heap after GC invocations=17 (full 3):
 PSYoungGen      total 355840K, used 11091K [0x00000000d5580000, 0x00000000ecb80000, 0x0000000100000000)
  eden space 336896K, 0% used [0x00000000d5580000,0x00000000d5580000,0x00000000e9e80000)
  from space 18944K, 58% used [0x00000000eb900000,0x00000000ec3d4e90,0x00000000ecb80000)
  to   space 23040K, 0% used [0x00000000e9e80000,0x00000000e9e80000,0x00000000eb500000)
 ParOldGen       total 102400K, used 50403K [0x0000000080000000, 0x0000000086400000, 0x00000000d5580000)
  object space 102400K, 49% used [0x0000000080000000,0x0000000083138f70,0x0000000086400000)
 Metaspace       used 69074K, capacity 72634K, committed 72728K, reserved 1116160K
  class space    used 9546K, capacity 10235K, committed 10288K, reserved 1048576K
}
Event: 9.291 GC heap before
{Heap before GC invocations=18 (full 4):
 PSYoungGen      total 355840K, used 11091K [0x00000000d5580000, 0x00000000ecb80000, 0x0000000100000000)
  eden space 336896K, 0% used [0x00000000d5580000,0x00000000d5580000,0x00000000e9e80000)
  from space 18944K, 58% used [0x00000000eb900000,0x00000000ec3d4e90,0x00000000ecb80000)
  to   space 23040K, 0% used [0x00000000e9e80000,0x00000000e9e80000,0x00000000eb500000)
 ParOldGen       total 102400K, used 50403K [0x0000000080000000, 0x0000000086400000, 0x00000000d5580000)
  object space 102400K, 49% used [0x0000000080000000,0x0000000083138f70,0x0000000086400000)
 Metaspace       used 69074K, capacity 72634K, committed 72728K, reserved 1116160K
  class space    used 9546K, capacity 10235K, committed 10288K, reserved 1048576K
Event: 9.485 GC heap after
Heap after GC invocations=18 (full 4):
 PSYoungGen      total 355840K, used 0K [0x00000000d5580000, 0x00000000ecb80000, 0x0000000100000000)
  eden space 336896K, 0% used [0x00000000d5580000,0x00000000d5580000,0x00000000e9e80000)
  from space 18944K, 0% used [0x00000000eb900000,0x00000000eb900000,0x00000000ecb80000)
  to   space 23040K, 0% used [0x00000000e9e80000,0x00000000e9e80000,0x00000000eb500000)
 ParOldGen       total 102400K, used 58744K [0x0000000080000000, 0x0000000086400000, 0x00000000d5580000)
  object space 102400K, 57% used [0x0000000080000000,0x000000008395e080,0x0000000086400000)
 Metaspace       used 68902K, capacity 72146K, committed 72728K, reserved 1114112K
  class space    used 9488K, capacity 10131K, committed 10288K, reserved 1048576K
}
Event: 9.716 GC heap before
{Heap before GC invocations=19 (full 4):
 PSYoungGen      total 355840K, used 27141K [0x00000000d5580000, 0x00000000ecb80000, 0x0000000100000000)
  eden space 336896K, 8% used [0x00000000d5580000,0x00000000d7001690,0x00000000e9e80000)
  from space 18944K, 0% used [0x00000000eb900000,0x00000000eb900000,0x00000000ecb80000)
  to   space 23040K, 0% used [0x00000000e9e80000,0x00000000e9e80000,0x00000000eb500000)
 ParOldGen       total 102400K, used 58744K [0x0000000080000000, 0x0000000086400000, 0x00000000d5580000)
  object space 102400K, 57% used [0x0000000080000000,0x000000008395e080,0x0000000086400000)
 Metaspace       used 72947K, capacity 77014K, committed 77080K, reserved 1122304K
  class space    used 10201K, capacity 10991K, committed 11056K, reserved 1048576K
Event: 9.720 GC heap after
Heap after GC invocations=19 (full 4):
 PSYoungGen      total 359936K, used 3300K [0x00000000d5580000, 0x00000000ecb80000, 0x0000000100000000)
  eden space 336896K, 0% used [0x00000000d5580000,0x00000000d5580000,0x00000000e9e80000)
  from space 23040K, 14% used [0x00000000e9e80000,0x00000000ea1b9050,0x00000000eb500000)
  to   space 18944K, 0% used [0x00000000eb900000,0x00000000eb900000,0x00000000ecb80000)
 ParOldGen       total 102400K, used 58752K [0x0000000080000000, 0x0000000086400000, 0x00000000d5580000)
  object space 102400K, 57% used [0x0000000080000000,0x0000000083960080,0x0000000086400000)
 Metaspace       used 72947K, capacity 77014K, committed 77080K, reserved 1122304K
  class space    used 10201K, capacity 10991K, committed 11056K, reserved 1048576K
}
Event: 9.720 GC heap before
{Heap before GC invocations=20 (full 5):
 PSYoungGen      total 359936K, used 3300K [0x00000000d5580000, 0x00000000ecb80000, 0x0000000100000000)
  eden space 336896K, 0% used [0x00000000d5580000,0x00000000d5580000,0x00000000e9e80000)
  from space 23040K, 14% used [0x00000000e9e80000,0x00000000ea1b9050,0x00000000eb500000)
  to   space 18944K, 0% used [0x00000000eb900000,0x00000000eb900000,0x00000000ecb80000)
 ParOldGen       total 102400K, used 58752K [0x0000000080000000, 0x0000000086400000, 0x00000000d5580000)
  object space 102400K, 57% used [0x0000000080000000,0x0000000083960080,0x0000000086400000)
 Metaspace       used 72947K, capacity 77014K, committed 77080K, reserved 1122304K
  class space    used 10201K, capacity 10991K, committed 11056K, reserved 1048576K
Event: 9.802 GC heap after
Heap after GC invocations=20 (full 5):
 PSYoungGen      total 359936K, used 0K [0x00000000d5580000, 0x00000000ecb80000, 0x0000000100000000)
  eden space 336896K, 0% used [0x00000000d5580000,0x00000000d5580000,0x00000000e9e80000)
  from space 23040K, 0% used [0x00000000e9e80000,0x00000000e9e80000,0x00000000eb500000)
  to   space 18944K, 0% used [0x00000000eb900000,0x00000000eb900000,0x00000000ecb80000)
 ParOldGen       total 102400K, used 55420K [0x0000000080000000, 0x0000000086400000, 0x00000000d5580000)
  object space 102400K, 54% used [0x0000000080000000,0x000000008361f390,0x0000000086400000)
 Metaspace       used 72724K, capacity 76552K, committed 77080K, reserved 1120256K
  class space    used 10119K, capacity 10844K, committed 11056K, reserved 1048576K
}

