# JRE version: OpenJDK Runtime Environment (8.0_242-b01) (build 1.8.0_242-release-1644-b01)
# Java VM: OpenJDK 64-Bit Server VM (25.242-b01 mixed mode windows-amd64 compressed oops)
Heap:
 PSYoungGen      total 399872K, used 303798K [0x00000000d5580000, 0x00000000efb80000, 0x0000000100000000)
  eden space 374784K, 74% used [0x00000000d5580000,0x00000000e6766df0,0x00000000ec380000)
  from space 25088K, 92% used [0x00000000ee300000,0x00000000ef9c6bf8,0x00000000efb80000)
  to   space 28672K, 0% used [0x00000000ec380000,0x00000000ec380000,0x00000000edf80000)
 ParOldGen       total 106496K, used 47482K [0x0000000080000000, 0x0000000086800000, 0x00000000d5580000)
  object space 106496K, 44% used [0x0000000080000000,0x0000000082e5e8b8,0x0000000086800000)
 Metaspace       used 89224K, capacity 94046K, committed 94232K, reserved 1130496K
  class space    used 11960K, capacity 12848K, committed 12848K, reserved 1048576K
GC Heap History (10 events):
Event: 7.151 GC heap before
{Heap before GC invocations=15 (full 3):
 PSYoungGen      total 266240K, used 3985K [0x00000000d5580000, 0x00000000e7600000, 0x0000000100000000)
  eden space 245760K, 0% used [0x00000000d5580000,0x00000000d5580000,0x00000000e4580000)
  from space 20480K, 19% used [0x00000000e5980000,0x00000000e5d64450,0x00000000e6d80000)
  to   space 20480K, 0% used [0x00000000e4580000,0x00000000e4580000,0x00000000e5980000)
 ParOldGen       total 69120K, used 43053K [0x0000000080000000, 0x0000000084380000, 0x00000000d5580000)
  object space 69120K, 62% used [0x0000000080000000,0x0000000082a0b690,0x0000000084380000)
 Metaspace       used 56682K, capacity 59060K, committed 59160K, reserved 1099776K
  class space    used 7757K, capacity 8234K, committed 8240K, reserved 1048576K
Event: 7.371 GC heap after
Heap after GC invocations=15 (full 3):
 PSYoungGen      total 266240K, used 0K [0x00000000d5580000, 0x00000000e7600000, 0x0000000100000000)
  eden space 245760K, 0% used [0x00000000d5580000,0x00000000d5580000,0x00000000e4580000)
  from space 20480K, 0% used [0x00000000e5980000,0x00000000e5980000,0x00000000e6d80000)
  to   space 20480K, 0% used [0x00000000e4580000,0x00000000e4580000,0x00000000e5980000)
 ParOldGen       total 106496K, used 33507K [0x0000000080000000, 0x0000000086800000, 0x00000000d5580000)
  object space 106496K, 31% used [0x0000000080000000,0x00000000820b8cd8,0x0000000086800000)
 Metaspace       used 56672K, capacity 59024K, committed 59160K, reserved 1099776K
  class space    used 7754K, capacity 8228K, committed 8240K, reserved 1048576K
}
Event: 10.208 GC heap before
{Heap before GC invocations=16 (full 3):
 PSYoungGen      total 266240K, used 245760K [0x00000000d5580000, 0x00000000e7600000, 0x0000000100000000)
  eden space 245760K, 100% used [0x00000000d5580000,0x00000000e4580000,0x00000000e4580000)
  from space 20480K, 0% used [0x00000000e5980000,0x00000000e5980000,0x00000000e6d80000)
  to   space 20480K, 0% used [0x00000000e4580000,0x00000000e4580000,0x00000000e5980000)
 ParOldGen       total 106496K, used 33507K [0x0000000080000000, 0x0000000086800000, 0x00000000d5580000)
  object space 106496K, 31% used [0x0000000080000000,0x00000000820b8cd8,0x0000000086800000)
 Metaspace       used 65129K, capacity 68142K, committed 68248K, reserved 1107968K
  class space    used 8950K, capacity 9557K, committed 9648K, reserved 1048576K
Event: 10.239 GC heap after
Heap after GC invocations=16 (full 3):
 PSYoungGen      total 266240K, used 20451K [0x00000000d5580000, 0x00000000ebf00000, 0x0000000100000000)
  eden space 245760K, 0% used [0x00000000d5580000,0x00000000d5580000,0x00000000e4580000)
  from space 20480K, 99% used [0x00000000e4580000,0x00000000e5978df0,0x00000000e5980000)
  to   space 25088K, 0% used [0x00000000ea680000,0x00000000ea680000,0x00000000ebf00000)
 ParOldGen       total 106496K, used 36719K [0x0000000080000000, 0x0000000086800000, 0x00000000d5580000)
  object space 106496K, 34% used [0x0000000080000000,0x00000000823dbc98,0x0000000086800000)
 Metaspace       used 65129K, capacity 68142K, committed 68248K, reserved 1107968K
  class space    used 8950K, capacity 9557K, committed 9648K, reserved 1048576K
}
Event: 13.740 GC heap before
{Heap before GC invocations=17 (full 3):
 PSYoungGen      total 266240K, used 266211K [0x00000000d5580000, 0x00000000ebf00000, 0x0000000100000000)
  eden space 245760K, 100% used [0x00000000d5580000,0x00000000e4580000,0x00000000e4580000)
  from space 20480K, 99% used [0x00000000e4580000,0x00000000e5978df0,0x00000000e5980000)
  to   space 25088K, 0% used [0x00000000ea680000,0x00000000ea680000,0x00000000ebf00000)
 ParOldGen       total 106496K, used 36719K [0x0000000080000000, 0x0000000086800000, 0x00000000d5580000)
  object space 106496K, 34% used [0x0000000080000000,0x00000000823dbc98,0x0000000086800000)
 Metaspace       used 69662K, capacity 72770K, committed 72856K, reserved 1112064K
  class space    used 9502K, capacity 10095K, committed 10160K, reserved 1048576K
Event: 13.756 GC heap after
Heap after GC invocations=17 (full 3):
 PSYoungGen      total 324608K, used 6413K [0x00000000d5580000, 0x00000000eb400000, 0x0000000100000000)
  eden space 310784K, 0% used [0x00000000d5580000,0x00000000d5580000,0x00000000e8500000)
  from space 13824K, 46% used [0x00000000ea680000,0x00000000eacc34b8,0x00000000eb400000)
  to   space 24064K, 0% used [0x00000000e8500000,0x00000000e8500000,0x00000000e9c80000)
 ParOldGen       total 106496K, used 47466K [0x0000000080000000, 0x0000000086800000, 0x00000000d5580000)
  object space 106496K, 44% used [0x0000000080000000,0x0000000082e5a8b8,0x0000000086800000)
 Metaspace       used 69662K, capacity 72770K, committed 72856K, reserved 1112064K
  class space    used 9502K, capacity 10095K, committed 10160K, reserved 1048576K
}
Event: 20.262 GC heap before
{Heap before GC invocations=18 (full 3):
 PSYoungGen      total 324608K, used 317197K [0x00000000d5580000, 0x00000000eb400000, 0x0000000100000000)
  eden space 310784K, 100% used [0x00000000d5580000,0x00000000e8500000,0x00000000e8500000)
  from space 13824K, 46% used [0x00000000ea680000,0x00000000eacc34b8,0x00000000eb400000)
  to   space 24064K, 0% used [0x00000000e8500000,0x00000000e8500000,0x00000000e9c80000)
 ParOldGen       total 106496K, used 47466K [0x0000000080000000, 0x0000000086800000, 0x00000000d5580000)
  object space 106496K, 44% used [0x0000000080000000,0x0000000082e5a8b8,0x0000000086800000)
 Metaspace       used 73449K, capacity 77038K, committed 77208K, reserved 1116160K
  class space    used 9918K, capacity 10573K, committed 10672K, reserved 1048576K
Event: 20.280 GC heap after
Heap after GC invocations=18 (full 3):
 PSYoungGen      total 334848K, used 17794K [0x00000000d5580000, 0x00000000efc00000, 0x0000000100000000)
  eden space 310784K, 0% used [0x00000000d5580000,0x00000000d5580000,0x00000000e8500000)
  from space 24064K, 73% used [0x00000000e8500000,0x00000000e9660a98,0x00000000e9c80000)
  to   space 25600K, 0% used [0x00000000ee300000,0x00000000ee300000,0x00000000efc00000)
 ParOldGen       total 106496K, used 47474K [0x0000000080000000, 0x0000000086800000, 0x00000000d5580000)
  object space 106496K, 44% used [0x0000000080000000,0x0000000082e5c8b8,0x0000000086800000)
 Metaspace       used 73449K, capacity 77038K, committed 77208K, reserved 1116160K
  class space    used 9918K, capacity 10573K, committed 10672K, reserved 1048576K
}
Event: 25.165 GC heap before
{Heap before GC invocations=19 (full 3):
 PSYoungGen      total 334848K, used 328578K [0x00000000d5580000, 0x00000000efc00000, 0x0000000100000000)
  eden space 310784K, 100% used [0x00000000d5580000,0x00000000e8500000,0x00000000e8500000)
  from space 24064K, 73% used [0x00000000e8500000,0x00000000e9660a98,0x00000000e9c80000)
  to   space 25600K, 0% used [0x00000000ee300000,0x00000000ee300000,0x00000000efc00000)
 ParOldGen       total 106496K, used 47474K [0x0000000080000000, 0x0000000086800000, 0x00000000d5580000)
  object space 106496K, 44% used [0x0000000080000000,0x0000000082e5c8b8,0x0000000086800000)
 Metaspace       used 79873K, capacity 83576K, committed 83864K, reserved 1122304K
  class space    used 10665K, capacity 11361K, committed 11440K, reserved 1048576K
Event: 25.210 GC heap after
Heap after GC invocations=19 (full 3):
 PSYoungGen      total 399872K, used 23322K [0x00000000d5580000, 0x00000000efb80000, 0x0000000100000000)
  eden space 374784K, 0% used [0x00000000d5580000,0x00000000d5580000,0x00000000ec380000)
  from space 25088K, 92% used [0x00000000ee300000,0x00000000ef9c6bf8,0x00000000efb80000)
  to   space 28672K, 0% used [0x00000000ec380000,0x00000000ec380000,0x00000000edf80000)
 ParOldGen       total 106496K, used 47482K [0x0000000080000000, 0x0000000086800000, 0x00000000d5580000)
  object space 106496K, 44% used [0x0000000080000000,0x0000000082e5e8b8,0x0000000086800000)
 Metaspace       used 79873K, capacity 83576K, committed 83864K, reserved 1122304K
  class space    used 10665K, capacity 11361K, committed 11440K, reserved 1048576K
}

