# JRE version: OpenJDK Runtime Environment (8.0_242-b01) (build 1.8.0_242-release-1644-b01)
# Java VM: OpenJDK 64-Bit Server VM (25.242-b01 mixed mode windows-amd64 compressed oops)
Heap:
 PSYoungGen      total 428032K, used 362441K [0x00000000d5580000, 0x00000000f1100000, 0x0000000100000000)
  eden space 407040K, 89% used [0x00000000d5580000,0x00000000eb772748,0x00000000ee300000)
  from space 20992K, 0% used [0x00000000ee800000,0x00000000ee800000,0x00000000efc80000)
  to   space 15360K, 0% used [0x00000000f0200000,0x00000000f0200000,0x00000000f1100000)
 ParOldGen       total 121344K, used 37847K [0x0000000080000000, 0x0000000087680000, 0x00000000d5580000)
  object space 121344K, 31% used [0x0000000080000000,0x00000000824f5c28,0x0000000087680000)
 Metaspace       used 69550K, capacity 72778K, committed 72984K, reserved 1112064K
  class space    used 9536K, capacity 10163K, committed 10288K, reserved 1048576K
GC Heap History (10 events):
Event: 3.423 GC heap before
{Heap before GC invocations=8 (full 1):
 PSYoungGen      total 249856K, used 46625K [0x00000000d5580000, 0x00000000e7380000, 0x0000000100000000)
  eden space 236544K, 14% used [0x00000000d5580000,0x00000000d760ea60,0x00000000e3c80000)
  from space 13312K, 99% used [0x00000000e6680000,0x00000000e7379a28,0x00000000e7380000)
  to   space 16384K, 0% used [0x00000000e5380000,0x00000000e5380000,0x00000000e6380000)
 ParOldGen       total 54272K, used 7796K [0x0000000080000000, 0x0000000083500000, 0x00000000d5580000)
  object space 54272K, 14% used [0x0000000080000000,0x000000008079d2a8,0x0000000083500000)
 Metaspace       used 34336K, capacity 35404K, committed 35496K, reserved 1079296K
  class space    used 4725K, capacity 5003K, committed 5040K, reserved 1048576K
Event: 3.435 GC heap after
Heap after GC invocations=8 (full 1):
 PSYoungGen      total 276480K, used 8184K [0x00000000d5580000, 0x00000000f1100000, 0x0000000100000000)
  eden space 260096K, 0% used [0x00000000d5580000,0x00000000d5580000,0x00000000e5380000)
  from space 16384K, 49% used [0x00000000e5380000,0x00000000e5b7e1a0,0x00000000e6380000)
  to   space 15360K, 0% used [0x00000000f0200000,0x00000000f0200000,0x00000000f1100000)
 ParOldGen       total 54272K, used 7804K [0x0000000080000000, 0x0000000083500000, 0x00000000d5580000)
  object space 54272K, 14% used [0x0000000080000000,0x000000008079f2a8,0x0000000083500000)
 Metaspace       used 34336K, capacity 35404K, committed 35496K, reserved 1079296K
  class space    used 4725K, capacity 5003K, committed 5040K, reserved 1048576K
}
Event: 3.435 GC heap before
{Heap before GC invocations=9 (full 2):
 PSYoungGen      total 276480K, used 8184K [0x00000000d5580000, 0x00000000f1100000, 0x0000000100000000)
  eden space 260096K, 0% used [0x00000000d5580000,0x00000000d5580000,0x00000000e5380000)
  from space 16384K, 49% used [0x00000000e5380000,0x00000000e5b7e1a0,0x00000000e6380000)
  to   space 15360K, 0% used [0x00000000f0200000,0x00000000f0200000,0x00000000f1100000)
 ParOldGen       total 54272K, used 7804K [0x0000000080000000, 0x0000000083500000, 0x00000000d5580000)
  object space 54272K, 14% used [0x0000000080000000,0x000000008079f2a8,0x0000000083500000)
 Metaspace       used 34336K, capacity 35404K, committed 35496K, reserved 1079296K
  class space    used 4725K, capacity 5003K, committed 5040K, reserved 1048576K
Event: 3.498 GC heap after
Heap after GC invocations=9 (full 2):
 PSYoungGen      total 276480K, used 0K [0x00000000d5580000, 0x00000000f1100000, 0x0000000100000000)
  eden space 260096K, 0% used [0x00000000d5580000,0x00000000d5580000,0x00000000e5380000)
  from space 16384K, 0% used [0x00000000e5380000,0x00000000e5380000,0x00000000e6380000)
  to   space 15360K, 0% used [0x00000000f0200000,0x00000000f0200000,0x00000000f1100000)
 ParOldGen       total 77312K, used 14558K [0x0000000080000000, 0x0000000084b80000, 0x00000000d5580000)
  object space 77312K, 18% used [0x0000000080000000,0x0000000080e37998,0x0000000084b80000)
 Metaspace       used 34336K, capacity 35404K, committed 35496K, reserved 1079296K
  class space    used 4725K, capacity 5003K, committed 5040K, reserved 1048576K
}
Event: 5.083 GC heap before
{Heap before GC invocations=10 (full 2):
 PSYoungGen      total 276480K, used 260096K [0x00000000d5580000, 0x00000000f1100000, 0x0000000100000000)
  eden space 260096K, 100% used [0x00000000d5580000,0x00000000e5380000,0x00000000e5380000)
  from space 16384K, 0% used [0x00000000e5380000,0x00000000e5380000,0x00000000e6380000)
  to   space 15360K, 0% used [0x00000000f0200000,0x00000000f0200000,0x00000000f1100000)
 ParOldGen       total 77312K, used 14558K [0x0000000080000000, 0x0000000084b80000, 0x00000000d5580000)
  object space 77312K, 18% used [0x0000000080000000,0x0000000080e37998,0x0000000084b80000)
 Metaspace       used 48663K, capacity 50510K, committed 50728K, reserved 1093632K
  class space    used 6535K, capacity 6945K, committed 6960K, reserved 1048576K
Event: 5.105 GC heap after
Heap after GC invocations=10 (full 2):
 PSYoungGen      total 422400K, used 15331K [0x00000000d5580000, 0x00000000f1100000, 0x0000000100000000)
  eden space 407040K, 0% used [0x00000000d5580000,0x00000000d5580000,0x00000000ee300000)
  from space 15360K, 99% used [0x00000000f0200000,0x00000000f10f8c90,0x00000000f1100000)
  to   space 20992K, 0% used [0x00000000ee800000,0x00000000ee800000,0x00000000efc80000)
 ParOldGen       total 77312K, used 22258K [0x0000000080000000, 0x0000000084b80000, 0x00000000d5580000)
  object space 77312K, 28% used [0x0000000080000000,0x00000000815bca40,0x0000000084b80000)
 Metaspace       used 48663K, capacity 50510K, committed 50728K, reserved 1093632K
  class space    used 6535K, capacity 6945K, committed 6960K, reserved 1048576K
}
Event: 6.085 GC heap before
{Heap before GC invocations=11 (full 2):
 PSYoungGen      total 422400K, used 162525K [0x00000000d5580000, 0x00000000f1100000, 0x0000000100000000)
  eden space 407040K, 36% used [0x00000000d5580000,0x00000000de53e8a0,0x00000000ee300000)
  from space 15360K, 99% used [0x00000000f0200000,0x00000000f10f8c90,0x00000000f1100000)
  to   space 20992K, 0% used [0x00000000ee800000,0x00000000ee800000,0x00000000efc80000)
 ParOldGen       total 77312K, used 22258K [0x0000000080000000, 0x0000000084b80000, 0x00000000d5580000)
  object space 77312K, 28% used [0x0000000080000000,0x00000000815bca40,0x0000000084b80000)
 Metaspace       used 56814K, capacity 59096K, committed 59160K, reserved 1099776K
  class space    used 7778K, capacity 8230K, committed 8240K, reserved 1048576K
Event: 6.108 GC heap after
Heap after GC invocations=11 (full 2):
 PSYoungGen      total 428032K, used 20981K [0x00000000d5580000, 0x00000000f1100000, 0x0000000100000000)
  eden space 407040K, 0% used [0x00000000d5580000,0x00000000d5580000,0x00000000ee300000)
  from space 20992K, 99% used [0x00000000ee800000,0x00000000efc7d6a8,0x00000000efc80000)
  to   space 15360K, 0% used [0x00000000f0200000,0x00000000f0200000,0x00000000f1100000)
 ParOldGen       total 77312K, used 27188K [0x0000000080000000, 0x0000000084b80000, 0x00000000d5580000)
  object space 77312K, 35% used [0x0000000080000000,0x0000000081a8d380,0x0000000084b80000)
 Metaspace       used 56814K, capacity 59096K, committed 59160K, reserved 1099776K
  class space    used 7778K, capacity 8230K, committed 8240K, reserved 1048576K
}
Event: 6.108 GC heap before
{Heap before GC invocations=12 (full 3):
 PSYoungGen      total 428032K, used 20981K [0x00000000d5580000, 0x00000000f1100000, 0x0000000100000000)
  eden space 407040K, 0% used [0x00000000d5580000,0x00000000d5580000,0x00000000ee300000)
  from space 20992K, 99% used [0x00000000ee800000,0x00000000efc7d6a8,0x00000000efc80000)
  to   space 15360K, 0% used [0x00000000f0200000,0x00000000f0200000,0x00000000f1100000)
 ParOldGen       total 77312K, used 27188K [0x0000000080000000, 0x0000000084b80000, 0x00000000d5580000)
  object space 77312K, 35% used [0x0000000080000000,0x0000000081a8d380,0x0000000084b80000)
 Metaspace       used 56814K, capacity 59096K, committed 59160K, reserved 1099776K
  class space    used 7778K, capacity 8230K, committed 8240K, reserved 1048576K
Event: 6.305 GC heap after
Heap after GC invocations=12 (full 3):
 PSYoungGen      total 428032K, used 0K [0x00000000d5580000, 0x00000000f1100000, 0x0000000100000000)
  eden space 407040K, 0% used [0x00000000d5580000,0x00000000d5580000,0x00000000ee300000)
  from space 20992K, 0% used [0x00000000ee800000,0x00000000ee800000,0x00000000efc80000)
  to   space 15360K, 0% used [0x00000000f0200000,0x00000000f0200000,0x00000000f1100000)
 ParOldGen       total 121344K, used 37847K [0x0000000080000000, 0x0000000087680000, 0x00000000d5580000)
  object space 121344K, 31% used [0x0000000080000000,0x00000000824f5c28,0x0000000087680000)
 Metaspace       used 56807K, capacity 59072K, committed 59160K, reserved 1099776K
  class space    used 7776K, capacity 8226K, committed 8240K, reserved 1048576K
}

