# JRE version: OpenJDK Runtime Environment (8.0_242-b01) (build 1.8.0_242-release-1644-b01)
# Java VM: OpenJDK 64-Bit Server VM (25.242-b01 mixed mode windows-amd64 compressed oops)
Heap:
 PSYoungGen      total 314368K, used 120005K [0x00000000d5580000, 0x00000000edd80000, 0x0000000100000000)
  eden space 287744K, 33% used [0x00000000d5580000,0x00000000db2bef48,0x00000000e6e80000)
  from space 26624K, 92% used [0x00000000e6e80000,0x00000000e8672570,0x00000000e8880000)
  to   space 29696K, 0% used [0x00000000ec080000,0x00000000ec080000,0x00000000edd80000)
 ParOldGen       total 125952K, used 33457K [0x0000000080000000, 0x0000000087b00000, 0x00000000d5580000)
  object space 125952K, 26% used [0x0000000080000000,0x00000000820ac648,0x0000000087b00000)
 Metaspace       used 79569K, capacity 83195K, committed 83352K, reserved 1122304K
  class space    used 10653K, capacity 11347K, committed 11440K, reserved 1048576K
GC Heap History (10 events):
Event: 6.067 GC heap before
{Heap before GC invocations=12 (full 2):
 PSYoungGen      total 210944K, used 48842K [0x00000000d5580000, 0x00000000e6a00000, 0x0000000100000000)
  eden space 195584K, 17% used [0x00000000d5580000,0x00000000d76355c8,0x00000000e1480000)
  from space 15360K, 99% used [0x00000000e1480000,0x00000000e237d300,0x00000000e2380000)
  to   space 22528K, 0% used [0x00000000e5400000,0x00000000e5400000,0x00000000e6a00000)
 ParOldGen       total 85504K, used 30513K [0x0000000080000000, 0x0000000085380000, 0x00000000d5580000)
  object space 85504K, 35% used [0x0000000080000000,0x0000000081dcc4f8,0x0000000085380000)
 Metaspace       used 56642K, capacity 59025K, committed 59160K, reserved 1099776K
  class space    used 7760K, capacity 8240K, committed 8240K, reserved 1048576K
Event: 6.084 GC heap after
Heap after GC invocations=12 (full 2):
 PSYoungGen      total 259072K, used 17844K [0x00000000d5580000, 0x00000000e8380000, 0x0000000100000000)
  eden space 236544K, 0% used [0x00000000d5580000,0x00000000d5580000,0x00000000e3c80000)
  from space 22528K, 79% used [0x00000000e5400000,0x00000000e656d320,0x00000000e6a00000)
  to   space 24064K, 0% used [0x00000000e3c80000,0x00000000e3c80000,0x00000000e5400000)
 ParOldGen       total 85504K, used 30521K [0x0000000080000000, 0x0000000085380000, 0x00000000d5580000)
  object space 85504K, 35% used [0x0000000080000000,0x0000000081dce4f8,0x0000000085380000)
 Metaspace       used 56642K, capacity 59025K, committed 59160K, reserved 1099776K
  class space    used 7760K, capacity 8240K, committed 8240K, reserved 1048576K
}
Event: 6.084 GC heap before
{Heap before GC invocations=13 (full 3):
 PSYoungGen      total 259072K, used 17844K [0x00000000d5580000, 0x00000000e8380000, 0x0000000100000000)
  eden space 236544K, 0% used [0x00000000d5580000,0x00000000d5580000,0x00000000e3c80000)
  from space 22528K, 79% used [0x00000000e5400000,0x00000000e656d320,0x00000000e6a00000)
  to   space 24064K, 0% used [0x00000000e3c80000,0x00000000e3c80000,0x00000000e5400000)
 ParOldGen       total 85504K, used 30521K [0x0000000080000000, 0x0000000085380000, 0x00000000d5580000)
  object space 85504K, 35% used [0x0000000080000000,0x0000000081dce4f8,0x0000000085380000)
 Metaspace       used 56642K, capacity 59025K, committed 59160K, reserved 1099776K
  class space    used 7760K, capacity 8240K, committed 8240K, reserved 1048576K
Event: 6.289 GC heap after
Heap after GC invocations=13 (full 3):
 PSYoungGen      total 259072K, used 0K [0x00000000d5580000, 0x00000000e8380000, 0x0000000100000000)
  eden space 236544K, 0% used [0x00000000d5580000,0x00000000d5580000,0x00000000e3c80000)
  from space 22528K, 0% used [0x00000000e5400000,0x00000000e5400000,0x00000000e6a00000)
  to   space 24064K, 0% used [0x00000000e3c80000,0x00000000e3c80000,0x00000000e5400000)
 ParOldGen       total 125952K, used 33425K [0x0000000080000000, 0x0000000087b00000, 0x00000000d5580000)
  object space 125952K, 26% used [0x0000000080000000,0x00000000820a4648,0x0000000087b00000)
 Metaspace       used 56620K, capacity 58953K, committed 59160K, reserved 1099776K
  class space    used 7754K, capacity 8228K, committed 8240K, reserved 1048576K
}
Event: 9.105 GC heap before
{Heap before GC invocations=14 (full 3):
 PSYoungGen      total 259072K, used 236544K [0x00000000d5580000, 0x00000000e8380000, 0x0000000100000000)
  eden space 236544K, 100% used [0x00000000d5580000,0x00000000e3c80000,0x00000000e3c80000)
  from space 22528K, 0% used [0x00000000e5400000,0x00000000e5400000,0x00000000e6a00000)
  to   space 24064K, 0% used [0x00000000e3c80000,0x00000000e3c80000,0x00000000e5400000)
 ParOldGen       total 125952K, used 33425K [0x0000000080000000, 0x0000000087b00000, 0x00000000d5580000)
  object space 125952K, 26% used [0x0000000080000000,0x00000000820a4648,0x0000000087b00000)
 Metaspace       used 65588K, capacity 68601K, committed 68760K, reserved 1107968K
  class space    used 9043K, capacity 9613K, committed 9648K, reserved 1048576K
Event: 9.133 GC heap after
Heap after GC invocations=14 (full 3):
 PSYoungGen      total 260608K, used 20413K [0x00000000d5580000, 0x00000000ea900000, 0x0000000100000000)
  eden space 236544K, 0% used [0x00000000d5580000,0x00000000d5580000,0x00000000e3c80000)
  from space 24064K, 84% used [0x00000000e3c80000,0x00000000e506f778,0x00000000e5400000)
  to   space 26624K, 0% used [0x00000000e8f00000,0x00000000e8f00000,0x00000000ea900000)
 ParOldGen       total 125952K, used 33433K [0x0000000080000000, 0x0000000087b00000, 0x00000000d5580000)
  object space 125952K, 26% used [0x0000000080000000,0x00000000820a6648,0x0000000087b00000)
 Metaspace       used 65588K, capacity 68601K, committed 68760K, reserved 1107968K
  class space    used 9043K, capacity 9613K, committed 9648K, reserved 1048576K
}
Event: 12.181 GC heap before
{Heap before GC invocations=15 (full 3):
 PSYoungGen      total 260608K, used 256957K [0x00000000d5580000, 0x00000000ea900000, 0x0000000100000000)
  eden space 236544K, 100% used [0x00000000d5580000,0x00000000e3c80000,0x00000000e3c80000)
  from space 24064K, 84% used [0x00000000e3c80000,0x00000000e506f778,0x00000000e5400000)
  to   space 26624K, 0% used [0x00000000e8f00000,0x00000000e8f00000,0x00000000ea900000)
 ParOldGen       total 125952K, used 33433K [0x0000000080000000, 0x0000000087b00000, 0x00000000d5580000)
  object space 125952K, 26% used [0x0000000080000000,0x00000000820a6648,0x0000000087b00000)
 Metaspace       used 69173K, capacity 72375K, committed 72600K, reserved 1112064K
  class space    used 9450K, capacity 10070K, committed 10160K, reserved 1048576K
Event: 12.206 GC heap after
Heap after GC invocations=15 (full 3):
 PSYoungGen      total 307712K, used 15796K [0x00000000d5580000, 0x00000000ea280000, 0x0000000100000000)
  eden space 287744K, 0% used [0x00000000d5580000,0x00000000d5580000,0x00000000e6e80000)
  from space 19968K, 79% used [0x00000000e8f00000,0x00000000e9e6d1b0,0x00000000ea280000)
  to   space 26624K, 0% used [0x00000000e6e80000,0x00000000e6e80000,0x00000000e8880000)
 ParOldGen       total 125952K, used 33441K [0x0000000080000000, 0x0000000087b00000, 0x00000000d5580000)
  object space 125952K, 26% used [0x0000000080000000,0x00000000820a8648,0x0000000087b00000)
 Metaspace       used 69173K, capacity 72375K, committed 72600K, reserved 1112064K
  class space    used 9450K, capacity 10070K, committed 10160K, reserved 1048576K
}
Event: 15.441 GC heap before
{Heap before GC invocations=16 (full 3):
 PSYoungGen      total 307712K, used 303540K [0x00000000d5580000, 0x00000000ea280000, 0x0000000100000000)
  eden space 287744K, 100% used [0x00000000d5580000,0x00000000e6e80000,0x00000000e6e80000)
  from space 19968K, 79% used [0x00000000e8f00000,0x00000000e9e6d1b0,0x00000000ea280000)
  to   space 26624K, 0% used [0x00000000e6e80000,0x00000000e6e80000,0x00000000e8880000)
 ParOldGen       total 125952K, used 33441K [0x0000000080000000, 0x0000000087b00000, 0x00000000d5580000)
  object space 125952K, 26% used [0x0000000080000000,0x00000000820a8648,0x0000000087b00000)
 Metaspace       used 73231K, capacity 76727K, committed 76952K, reserved 1116160K
  class space    used 9907K, capacity 10572K, committed 10672K, reserved 1048576K
Event: 15.463 GC heap after
Heap after GC invocations=16 (full 3):
 PSYoungGen      total 314368K, used 24521K [0x00000000d5580000, 0x00000000edd80000, 0x0000000100000000)
  eden space 287744K, 0% used [0x00000000d5580000,0x00000000d5580000,0x00000000e6e80000)
  from space 26624K, 92% used [0x00000000e6e80000,0x00000000e8672570,0x00000000e8880000)
  to   space 29696K, 0% used [0x00000000ec080000,0x00000000ec080000,0x00000000edd80000)
 ParOldGen       total 125952K, used 33457K [0x0000000080000000, 0x0000000087b00000, 0x00000000d5580000)
  object space 125952K, 26% used [0x0000000080000000,0x00000000820ac648,0x0000000087b00000)
 Metaspace       used 73231K, capacity 76727K, committed 76952K, reserved 1116160K
  class space    used 9907K, capacity 10572K, committed 10672K, reserved 1048576K
}

