# JRE version: OpenJDK Runtime Environment (8.0_242-b01) (build 1.8.0_242-release-1644-b01)
# Java VM: OpenJDK 64-Bit Server VM (25.242-b01 mixed mode windows-amd64 compressed oops)
Heap:
 PSYoungGen      total 262144K, used 140400K [0x00000000d5580000, 0x00000000ea780000, 0x0000000100000000)
  eden space 237568K, 48% used [0x00000000d5580000,0x00000000dc6a3438,0x00000000e3d80000)
  from space 24576K, 99% used [0x00000000e3d80000,0x00000000e5578ef0,0x00000000e5580000)
  to   space 39424K, 0% used [0x00000000e8100000,0x00000000e8100000,0x00000000ea780000)
 ParOldGen       total 143360K, used 91441K [0x0000000080000000, 0x0000000088c00000, 0x00000000d5580000)
  object space 143360K, 63% used [0x0000000080000000,0x000000008594c5d0,0x0000000088c00000)
 Metaspace       used 91957K, capacity 96388K, committed 96472K, reserved 1132544K
  class space    used 12075K, capacity 12999K, committed 13056K, reserved 1048576K
GC Heap History (10 events):
Event: 9.225 GC heap before
{Heap before GC invocations=16 (full 3):
 PSYoungGen      total 192000K, used 175616K [0x00000000d5580000, 0x00000000e2d00000, 0x0000000100000000)
  eden space 175616K, 100% used [0x00000000d5580000,0x00000000e0100000,0x00000000e0100000)
  from space 16384K, 0% used [0x00000000e1080000,0x00000000e1080000,0x00000000e2080000)
  to   space 15872K, 0% used [0x00000000e0100000,0x00000000e0100000,0x00000000e1080000)
 ParOldGen       total 143360K, used 39806K [0x0000000080000000, 0x0000000088c00000, 0x00000000d5580000)
  object space 143360K, 27% used [0x0000000080000000,0x00000000826df8c8,0x0000000088c00000)
 Metaspace       used 65624K, capacity 68394K, committed 68696K, reserved 1107968K
  class space    used 8936K, capacity 9484K, committed 9600K, reserved 1048576K
Event: 9.246 GC heap after
Heap after GC invocations=16 (full 3):
 PSYoungGen      total 191488K, used 15848K [0x00000000d5580000, 0x00000000e4900000, 0x0000000100000000)
  eden space 175616K, 0% used [0x00000000d5580000,0x00000000d5580000,0x00000000e0100000)
  from space 15872K, 99% used [0x00000000e0100000,0x00000000e107a288,0x00000000e1080000)
  to   space 17920K, 0% used [0x00000000e3780000,0x00000000e3780000,0x00000000e4900000)
 ParOldGen       total 143360K, used 39945K [0x0000000080000000, 0x0000000088c00000, 0x00000000d5580000)
  object space 143360K, 27% used [0x0000000080000000,0x0000000082702618,0x0000000088c00000)
 Metaspace       used 65624K, capacity 68394K, committed 68696K, reserved 1107968K
  class space    used 8936K, capacity 9484K, committed 9600K, reserved 1048576K
}
Event: 17.234 GC heap before
{Heap before GC invocations=17 (full 3):
 PSYoungGen      total 191488K, used 191464K [0x00000000d5580000, 0x00000000e4900000, 0x0000000100000000)
  eden space 175616K, 100% used [0x00000000d5580000,0x00000000e0100000,0x00000000e0100000)
  from space 15872K, 99% used [0x00000000e0100000,0x00000000e107a288,0x00000000e1080000)
  to   space 17920K, 0% used [0x00000000e3780000,0x00000000e3780000,0x00000000e4900000)
 ParOldGen       total 143360K, used 39945K [0x0000000080000000, 0x0000000088c00000, 0x00000000d5580000)
  object space 143360K, 27% used [0x0000000080000000,0x0000000082702618,0x0000000088c00000)
 Metaspace       used 78493K, capacity 81702K, committed 82008K, reserved 1120256K
  class space    used 10651K, capacity 11312K, committed 11392K, reserved 1048576K
Event: 17.256 GC heap after
Heap after GC invocations=17 (full 3):
 PSYoungGen      total 225280K, used 17908K [0x00000000d5580000, 0x00000000e4f80000, 0x0000000100000000)
  eden space 207360K, 0% used [0x00000000d5580000,0x00000000d5580000,0x00000000e2000000)
  from space 17920K, 99% used [0x00000000e3780000,0x00000000e48fd1c8,0x00000000e4900000)
  to   space 24064K, 0% used [0x00000000e2000000,0x00000000e2000000,0x00000000e3780000)
 ParOldGen       total 143360K, used 49797K [0x0000000080000000, 0x0000000088c00000, 0x00000000d5580000)
  object space 143360K, 34% used [0x0000000080000000,0x00000000830a1568,0x0000000088c00000)
 Metaspace       used 78493K, capacity 81702K, committed 82008K, reserved 1120256K
  class space    used 10651K, capacity 11312K, committed 11392K, reserved 1048576K
}
Event: 18.684 GC heap before
{Heap before GC invocations=18 (full 3):
 PSYoungGen      total 225280K, used 225268K [0x00000000d5580000, 0x00000000e4f80000, 0x0000000100000000)
  eden space 207360K, 100% used [0x00000000d5580000,0x00000000e2000000,0x00000000e2000000)
  from space 17920K, 99% used [0x00000000e3780000,0x00000000e48fd1c8,0x00000000e4900000)
  to   space 24064K, 0% used [0x00000000e2000000,0x00000000e2000000,0x00000000e3780000)
 ParOldGen       total 143360K, used 49797K [0x0000000080000000, 0x0000000088c00000, 0x00000000d5580000)
  object space 143360K, 34% used [0x0000000080000000,0x00000000830a1568,0x0000000088c00000)
 Metaspace       used 80582K, capacity 84206K, committed 84312K, reserved 1122304K
  class space    used 10887K, capacity 11620K, committed 11648K, reserved 1048576K
Event: 18.702 GC heap after
Heap after GC invocations=18 (full 3):
 PSYoungGen      total 231424K, used 6980K [0x00000000d5580000, 0x00000000e7200000, 0x0000000100000000)
  eden space 207360K, 0% used [0x00000000d5580000,0x00000000d5580000,0x00000000e2000000)
  from space 24064K, 29% used [0x00000000e2000000,0x00000000e26d1248,0x00000000e3780000)
  to   space 23552K, 0% used [0x00000000e5b00000,0x00000000e5b00000,0x00000000e7200000)
 ParOldGen       total 143360K, used 60179K [0x0000000080000000, 0x0000000088c00000, 0x00000000d5580000)
  object space 143360K, 41% used [0x0000000080000000,0x0000000083ac4d48,0x0000000088c00000)
 Metaspace       used 80582K, capacity 84206K, committed 84312K, reserved 1122304K
  class space    used 10887K, capacity 11620K, committed 11648K, reserved 1048576K
}
Event: 511.649 GC heap before
{Heap before GC invocations=19 (full 3):
 PSYoungGen      total 231424K, used 214340K [0x00000000d5580000, 0x00000000e7200000, 0x0000000100000000)
  eden space 207360K, 100% used [0x00000000d5580000,0x00000000e2000000,0x00000000e2000000)
  from space 24064K, 29% used [0x00000000e2000000,0x00000000e26d1248,0x00000000e3780000)
  to   space 23552K, 0% used [0x00000000e5b00000,0x00000000e5b00000,0x00000000e7200000)
 ParOldGen       total 143360K, used 60179K [0x0000000080000000, 0x0000000088c00000, 0x00000000d5580000)
  object space 143360K, 41% used [0x0000000080000000,0x0000000083ac4d48,0x0000000088c00000)
 Metaspace       used 88469K, capacity 92692K, committed 93016K, reserved 1130496K
  class space    used 11692K, capacity 12555K, committed 12672K, reserved 1048576K
Event: 511.670 GC heap after
Heap after GC invocations=19 (full 3):
 PSYoungGen      total 256512K, used 16478K [0x00000000d5580000, 0x00000000e6d80000, 0x0000000100000000)
  eden space 237568K, 0% used [0x00000000d5580000,0x00000000d5580000,0x00000000e3d80000)
  from space 18944K, 86% used [0x00000000e5b00000,0x00000000e6b17b50,0x00000000e6d80000)
  to   space 24576K, 0% used [0x00000000e3d80000,0x00000000e3d80000,0x00000000e5580000)
 ParOldGen       total 143360K, used 60187K [0x0000000080000000, 0x0000000088c00000, 0x00000000d5580000)
  object space 143360K, 41% used [0x0000000080000000,0x0000000083ac6d48,0x0000000088c00000)
 Metaspace       used 88469K, capacity 92692K, committed 93016K, reserved 1130496K
  class space    used 11692K, capacity 12555K, committed 12672K, reserved 1048576K
}
Event: 514.048 GC heap before
{Heap before GC invocations=20 (full 3):
 PSYoungGen      total 256512K, used 254046K [0x00000000d5580000, 0x00000000e6d80000, 0x0000000100000000)
  eden space 237568K, 100% used [0x00000000d5580000,0x00000000e3d80000,0x00000000e3d80000)
  from space 18944K, 86% used [0x00000000e5b00000,0x00000000e6b17b50,0x00000000e6d80000)
  to   space 24576K, 0% used [0x00000000e3d80000,0x00000000e3d80000,0x00000000e5580000)
 ParOldGen       total 143360K, used 60187K [0x0000000080000000, 0x0000000088c00000, 0x00000000d5580000)
  object space 143360K, 41% used [0x0000000080000000,0x0000000083ac6d48,0x0000000088c00000)
 Metaspace       used 90730K, capacity 95150K, committed 95320K, reserved 1132544K
  class space    used 11935K, capacity 12842K, committed 12928K, reserved 1048576K
Event: 514.116 GC heap after
Heap after GC invocations=20 (full 3):
 PSYoungGen      total 262144K, used 24547K [0x00000000d5580000, 0x00000000ea780000, 0x0000000100000000)
  eden space 237568K, 0% used [0x00000000d5580000,0x00000000d5580000,0x00000000e3d80000)
  from space 24576K, 99% used [0x00000000e3d80000,0x00000000e5578ef0,0x00000000e5580000)
  to   space 39424K, 0% used [0x00000000e8100000,0x00000000e8100000,0x00000000ea780000)
 ParOldGen       total 143360K, used 91441K [0x0000000080000000, 0x0000000088c00000, 0x00000000d5580000)
  object space 143360K, 63% used [0x0000000080000000,0x000000008594c5d0,0x0000000088c00000)
 Metaspace       used 90730K, capacity 95150K, committed 95320K, reserved 1132544K
  class space    used 11935K, capacity 12842K, committed 12928K, reserved 1048576K
}

