# JRE version: OpenJDK Runtime Environment (8.0_242-b01) (build 1.8.0_242-release-1644-b01)
# Java VM: OpenJDK 64-Bit Server VM (25.242-b01 mixed mode windows-amd64 compressed oops)
Heap:
 PSYoungGen      total 439808K, used 90488K [0x00000000d5580000, 0x00000000f1f00000, 0x0000000100000000)
  eden space 413184K, 19% used [0x00000000d5580000,0x00000000da494ce8,0x00000000ee900000)
  from space 26624K, 35% used [0x00000000f0500000,0x00000000f0e493b0,0x00000000f1f00000)
  to   space 27648K, 0% used [0x00000000ee900000,0x00000000ee900000,0x00000000f0400000)
 ParOldGen       total 171008K, used 102744K [0x0000000080000000, 0x000000008a700000, 0x00000000d5580000)
  object space 171008K, 60% used [0x0000000080000000,0x0000000086456238,0x000000008a700000)
 Metaspace       used 110560K, capacity 117186K, committed 117268K, reserved 1150976K
  class space    used 14322K, capacity 15612K, committed 15676K, reserved 1048576K
GC Heap History (10 events):
Event: 844.434 GC heap before
{Heap before GC invocations=27 (full 4):
 PSYoungGen      total 439808K, used 439782K [0x00000000d5580000, 0x00000000f1f00000, 0x0000000100000000)
  eden space 413184K, 100% used [0x00000000d5580000,0x00000000ee900000,0x00000000ee900000)
  from space 26624K, 99% used [0x00000000f0500000,0x00000000f1ef9a78,0x00000000f1f00000)
  to   space 27648K, 0% used [0x00000000ee900000,0x00000000ee900000,0x00000000f0400000)
 ParOldGen       total 171008K, used 113054K [0x0000000080000000, 0x000000008a700000, 0x00000000d5580000)
  object space 171008K, 66% used [0x0000000080000000,0x0000000086e67890,0x000000008a700000)
 Metaspace       used 109037K, capacity 115544K, committed 115860K, reserved 1148928K
  class space    used 14177K, capacity 15463K, committed 15548K, reserved 1048576K
Event: 844.475 GC heap after
Heap after GC invocations=27 (full 4):
 PSYoungGen      total 440832K, used 15414K [0x00000000d5580000, 0x00000000f1f00000, 0x0000000100000000)
  eden space 413184K, 0% used [0x00000000d5580000,0x00000000d5580000,0x00000000ee900000)
  from space 27648K, 55% used [0x00000000ee900000,0x00000000ef80d860,0x00000000f0400000)
  to   space 26624K, 0% used [0x00000000f0500000,0x00000000f0500000,0x00000000f1f00000)
 ParOldGen       total 171008K, used 136417K [0x0000000080000000, 0x000000008a700000, 0x00000000d5580000)
  object space 171008K, 79% used [0x0000000080000000,0x0000000088538640,0x000000008a700000)
 Metaspace       used 109037K, capacity 115544K, committed 115860K, reserved 1148928K
  class space    used 14177K, capacity 15463K, committed 15548K, reserved 1048576K
}
Event: 845.729 GC heap before
{Heap before GC invocations=28 (full 4):
 PSYoungGen      total 440832K, used 428598K [0x00000000d5580000, 0x00000000f1f00000, 0x0000000100000000)
  eden space 413184K, 100% used [0x00000000d5580000,0x00000000ee900000,0x00000000ee900000)
  from space 27648K, 55% used [0x00000000ee900000,0x00000000ef80d860,0x00000000f0400000)
  to   space 26624K, 0% used [0x00000000f0500000,0x00000000f0500000,0x00000000f1f00000)
 ParOldGen       total 171008K, used 136417K [0x0000000080000000, 0x000000008a700000, 0x00000000d5580000)
  object space 171008K, 79% used [0x0000000080000000,0x0000000088538640,0x000000008a700000)
 Metaspace       used 109321K, capacity 115798K, committed 115860K, reserved 1148928K
  class space    used 14212K, capacity 15500K, committed 15548K, reserved 1048576K
Event: 845.752 GC heap after
Heap after GC invocations=28 (full 4):
 PSYoungGen      total 439808K, used 5360K [0x00000000d5580000, 0x00000000f1f00000, 0x0000000100000000)
  eden space 413184K, 0% used [0x00000000d5580000,0x00000000d5580000,0x00000000ee900000)
  from space 26624K, 20% used [0x00000000f0500000,0x00000000f0a3c010,0x00000000f1f00000)
  to   space 27648K, 0% used [0x00000000ee900000,0x00000000ee900000,0x00000000f0400000)
 ParOldGen       total 171008K, used 147788K [0x0000000080000000, 0x000000008a700000, 0x00000000d5580000)
  object space 171008K, 86% used [0x0000000080000000,0x0000000089053190,0x000000008a700000)
 Metaspace       used 109321K, capacity 115798K, committed 115860K, reserved 1148928K
  class space    used 14212K, capacity 15500K, committed 15548K, reserved 1048576K
}
Event: 845.752 GC heap before
{Heap before GC invocations=29 (full 5):
 PSYoungGen      total 439808K, used 5360K [0x00000000d5580000, 0x00000000f1f00000, 0x0000000100000000)
  eden space 413184K, 0% used [0x00000000d5580000,0x00000000d5580000,0x00000000ee900000)
  from space 26624K, 20% used [0x00000000f0500000,0x00000000f0a3c010,0x00000000f1f00000)
  to   space 27648K, 0% used [0x00000000ee900000,0x00000000ee900000,0x00000000f0400000)
 ParOldGen       total 171008K, used 147788K [0x0000000080000000, 0x000000008a700000, 0x00000000d5580000)
  object space 171008K, 86% used [0x0000000080000000,0x0000000089053190,0x000000008a700000)
 Metaspace       used 109321K, capacity 115798K, committed 115860K, reserved 1148928K
  class space    used 14212K, capacity 15500K, committed 15548K, reserved 1048576K
Event: 846.030 GC heap after
Heap after GC invocations=29 (full 5):
 PSYoungGen      total 439808K, used 0K [0x00000000d5580000, 0x00000000f1f00000, 0x0000000100000000)
  eden space 413184K, 0% used [0x00000000d5580000,0x00000000d5580000,0x00000000ee900000)
  from space 26624K, 0% used [0x00000000f0500000,0x00000000f0500000,0x00000000f1f00000)
  to   space 27648K, 0% used [0x00000000ee900000,0x00000000ee900000,0x00000000f0400000)
 ParOldGen       total 171008K, used 98835K [0x0000000080000000, 0x000000008a700000, 0x00000000d5580000)
  object space 171008K, 57% used [0x0000000080000000,0x0000000086084c20,0x000000008a700000)
 Metaspace       used 109116K, capacity 115302K, committed 115860K, reserved 1148928K
  class space    used 14143K, capacity 15384K, committed 15548K, reserved 1048576K
}
Event: 847.354 GC heap before
{Heap before GC invocations=30 (full 5):
 PSYoungGen      total 439808K, used 413184K [0x00000000d5580000, 0x00000000f1f00000, 0x0000000100000000)
  eden space 413184K, 100% used [0x00000000d5580000,0x00000000ee900000,0x00000000ee900000)
  from space 26624K, 0% used [0x00000000f0500000,0x00000000f0500000,0x00000000f1f00000)
  to   space 27648K, 0% used [0x00000000ee900000,0x00000000ee900000,0x00000000f0400000)
 ParOldGen       total 171008K, used 98835K [0x0000000080000000, 0x000000008a700000, 0x00000000d5580000)
  object space 171008K, 57% used [0x0000000080000000,0x0000000086084c20,0x000000008a700000)
 Metaspace       used 109252K, capacity 115480K, committed 115860K, reserved 1148928K
  class space    used 14171K, capacity 15437K, committed 15548K, reserved 1048576K
Event: 847.372 GC heap after
Heap after GC invocations=30 (full 5):
 PSYoungGen      total 440832K, used 5600K [0x00000000d5580000, 0x00000000f1f00000, 0x0000000100000000)
  eden space 413184K, 0% used [0x00000000d5580000,0x00000000d5580000,0x00000000ee900000)
  from space 27648K, 20% used [0x00000000ee900000,0x00000000eee78010,0x00000000f0400000)
  to   space 26624K, 0% used [0x00000000f0500000,0x00000000f0500000,0x00000000f1f00000)
 ParOldGen       total 171008K, used 98835K [0x0000000080000000, 0x000000008a700000, 0x00000000d5580000)
  object space 171008K, 57% used [0x0000000080000000,0x0000000086084c20,0x000000008a700000)
 Metaspace       used 109252K, capacity 115480K, committed 115860K, reserved 1148928K
  class space    used 14171K, capacity 15437K, committed 15548K, reserved 1048576K
}
Event: 848.873 GC heap before
{Heap before GC invocations=31 (full 5):
 PSYoungGen      total 440832K, used 418784K [0x00000000d5580000, 0x00000000f1f00000, 0x0000000100000000)
  eden space 413184K, 100% used [0x00000000d5580000,0x00000000ee900000,0x00000000ee900000)
  from space 27648K, 20% used [0x00000000ee900000,0x00000000eee78010,0x00000000f0400000)
  to   space 26624K, 0% used [0x00000000f0500000,0x00000000f0500000,0x00000000f1f00000)
 ParOldGen       total 171008K, used 98835K [0x0000000080000000, 0x000000008a700000, 0x00000000d5580000)
  object space 171008K, 57% used [0x0000000080000000,0x0000000086084c20,0x000000008a700000)
 Metaspace       used 110551K, capacity 117120K, committed 117268K, reserved 1150976K
  class space    used 14321K, capacity 15611K, committed 15676K, reserved 1048576K
Event: 848.896 GC heap after
Heap after GC invocations=31 (full 5):
 PSYoungGen      total 439808K, used 9508K [0x00000000d5580000, 0x00000000f1f00000, 0x0000000100000000)
  eden space 413184K, 0% used [0x00000000d5580000,0x00000000d5580000,0x00000000ee900000)
  from space 26624K, 35% used [0x00000000f0500000,0x00000000f0e493b0,0x00000000f1f00000)
  to   space 27648K, 0% used [0x00000000ee900000,0x00000000ee900000,0x00000000f0400000)
 ParOldGen       total 171008K, used 102744K [0x0000000080000000, 0x000000008a700000, 0x00000000d5580000)
  object space 171008K, 60% used [0x0000000080000000,0x0000000086456238,0x000000008a700000)
 Metaspace       used 110551K, capacity 117120K, committed 117268K, reserved 1150976K
  class space    used 14321K, capacity 15611K, committed 15676K, reserved 1048576K
}

