# JRE version: OpenJDK Runtime Environment (8.0_242-b01) (build 1.8.0_242-release-1644-b01)
# Java VM: OpenJDK 64-Bit Server VM (25.242-b01 mixed mode windows-amd64 compressed oops)
Heap:
 PSYoungGen      total 523264K, used 502939K [0x00000000d5580000, 0x00000000f7d80000, 0x0000000100000000)
  eden space 498688K, 95% used [0x00000000d5580000,0x00000000f28a8050,0x00000000f3c80000)
  from space 24576K, 99% used [0x00000000f6580000,0x00000000f7d7ee48,0x00000000f7d80000)
  to   space 29184K, 0% used [0x00000000f4480000,0x00000000f4480000,0x00000000f6100000)
 ParOldGen       total 120832K, used 36659K [0x0000000080000000, 0x0000000087600000, 0x00000000d5580000)
  object space 120832K, 30% used [0x0000000080000000,0x00000000823ccfb8,0x0000000087600000)
 Metaspace       used 92043K, capacity 96936K, committed 97176K, reserved 1132544K
  class space    used 12275K, capacity 13192K, committed 13232K, reserved 1048576K
GC Heap History (10 events):
Event: 4.336 GC heap before
{Heap before GC invocations=9 (full 2):
 PSYoungGen      total 276480K, used 8119K [0x00000000d5580000, 0x00000000f0800000, 0x0000000100000000)
  eden space 260096K, 0% used [0x00000000d5580000,0x00000000d5580000,0x00000000e5380000)
  from space 16384K, 49% used [0x00000000e5380000,0x00000000e5b6dee0,0x00000000e6380000)
  to   space 15360K, 0% used [0x00000000ef900000,0x00000000ef900000,0x00000000f0800000)
 ParOldGen       total 54784K, used 7809K [0x0000000080000000, 0x0000000083580000, 0x00000000d5580000)
  object space 54784K, 14% used [0x0000000080000000,0x00000000807a0738,0x0000000083580000)
 Metaspace       used 34273K, capacity 35398K, committed 35496K, reserved 1079296K
  class space    used 4722K, capacity 5002K, committed 5040K, reserved 1048576K
Event: 4.409 GC heap after
Heap after GC invocations=9 (full 2):
 PSYoungGen      total 276480K, used 0K [0x00000000d5580000, 0x00000000f0800000, 0x0000000100000000)
  eden space 260096K, 0% used [0x00000000d5580000,0x00000000d5580000,0x00000000e5380000)
  from space 16384K, 0% used [0x00000000e5380000,0x00000000e5380000,0x00000000e6380000)
  to   space 15360K, 0% used [0x00000000ef900000,0x00000000ef900000,0x00000000f0800000)
 ParOldGen       total 79872K, used 14490K [0x0000000080000000, 0x0000000084e00000, 0x00000000d5580000)
  object space 79872K, 18% used [0x0000000080000000,0x0000000080e26878,0x0000000084e00000)
 Metaspace       used 34273K, capacity 35398K, committed 35496K, reserved 1079296K
  class space    used 4722K, capacity 5002K, committed 5040K, reserved 1048576K
}
Event: 6.634 GC heap before
{Heap before GC invocations=10 (full 2):
 PSYoungGen      total 276480K, used 260096K [0x00000000d5580000, 0x00000000f0800000, 0x0000000100000000)
  eden space 260096K, 100% used [0x00000000d5580000,0x00000000e5380000,0x00000000e5380000)
  from space 16384K, 0% used [0x00000000e5380000,0x00000000e5380000,0x00000000e6380000)
  to   space 15360K, 0% used [0x00000000ef900000,0x00000000ef900000,0x00000000f0800000)
 ParOldGen       total 79872K, used 14490K [0x0000000080000000, 0x0000000084e00000, 0x00000000d5580000)
  object space 79872K, 18% used [0x0000000080000000,0x0000000080e26878,0x0000000084e00000)
 Metaspace       used 48585K, capacity 50486K, committed 50728K, reserved 1093632K
  class space    used 6521K, capacity 6917K, committed 6960K, reserved 1048576K
Event: 6.653 GC heap after
Heap after GC invocations=10 (full 2):
 PSYoungGen      total 409600K, used 15341K [0x00000000d5580000, 0x00000000f0800000, 0x0000000100000000)
  eden space 394240K, 0% used [0x00000000d5580000,0x00000000d5580000,0x00000000ed680000)
  from space 15360K, 99% used [0x00000000ef900000,0x00000000f07fb778,0x00000000f0800000)
  to   space 20992K, 0% used [0x00000000edf00000,0x00000000edf00000,0x00000000ef380000)
 ParOldGen       total 79872K, used 21665K [0x0000000080000000, 0x0000000084e00000, 0x00000000d5580000)
  object space 79872K, 27% used [0x0000000080000000,0x00000000815286d0,0x0000000084e00000)
 Metaspace       used 48585K, capacity 50486K, committed 50728K, reserved 1093632K
  class space    used 6521K, capacity 6917K, committed 6960K, reserved 1048576K
}
Event: 7.682 GC heap before
{Heap before GC invocations=11 (full 2):
 PSYoungGen      total 409600K, used 123314K [0x00000000d5580000, 0x00000000f0800000, 0x0000000100000000)
  eden space 394240K, 27% used [0x00000000d5580000,0x00000000dbef1458,0x00000000ed680000)
  from space 15360K, 99% used [0x00000000ef900000,0x00000000f07fb778,0x00000000f0800000)
  to   space 20992K, 0% used [0x00000000edf00000,0x00000000edf00000,0x00000000ef380000)
 ParOldGen       total 79872K, used 21665K [0x0000000080000000, 0x0000000084e00000, 0x00000000d5580000)
  object space 79872K, 27% used [0x0000000080000000,0x00000000815286d0,0x0000000084e00000)
 Metaspace       used 56790K, capacity 59102K, committed 59160K, reserved 1099776K
  class space    used 7767K, capacity 8234K, committed 8240K, reserved 1048576K
Event: 7.713 GC heap after
Heap after GC invocations=11 (full 2):
 PSYoungGen      total 423936K, used 20981K [0x00000000d5580000, 0x00000000f7d80000, 0x0000000100000000)
  eden space 402944K, 0% used [0x00000000d5580000,0x00000000d5580000,0x00000000edf00000)
  from space 20992K, 99% used [0x00000000edf00000,0x00000000ef37d500,0x00000000ef380000)
  to   space 24576K, 0% used [0x00000000f6580000,0x00000000f6580000,0x00000000f7d80000)
 ParOldGen       total 79872K, used 23132K [0x0000000080000000, 0x0000000084e00000, 0x00000000d5580000)
  object space 79872K, 28% used [0x0000000080000000,0x0000000081697370,0x0000000084e00000)
 Metaspace       used 56790K, capacity 59102K, committed 59160K, reserved 1099776K
  class space    used 7767K, capacity 8234K, committed 8240K, reserved 1048576K
}
Event: 7.713 GC heap before
{Heap before GC invocations=12 (full 3):
 PSYoungGen      total 423936K, used 20981K [0x00000000d5580000, 0x00000000f7d80000, 0x0000000100000000)
  eden space 402944K, 0% used [0x00000000d5580000,0x00000000d5580000,0x00000000edf00000)
  from space 20992K, 99% used [0x00000000edf00000,0x00000000ef37d500,0x00000000ef380000)
  to   space 24576K, 0% used [0x00000000f6580000,0x00000000f6580000,0x00000000f7d80000)
 ParOldGen       total 79872K, used 23132K [0x0000000080000000, 0x0000000084e00000, 0x00000000d5580000)
  object space 79872K, 28% used [0x0000000080000000,0x0000000081697370,0x0000000084e00000)
 Metaspace       used 56790K, capacity 59102K, committed 59160K, reserved 1099776K
  class space    used 7767K, capacity 8234K, committed 8240K, reserved 1048576K
Event: 7.902 GC heap after
Heap after GC invocations=12 (full 3):
 PSYoungGen      total 423936K, used 0K [0x00000000d5580000, 0x00000000f7d80000, 0x0000000100000000)
  eden space 402944K, 0% used [0x00000000d5580000,0x00000000d5580000,0x00000000edf00000)
  from space 20992K, 0% used [0x00000000edf00000,0x00000000edf00000,0x00000000ef380000)
  to   space 24576K, 0% used [0x00000000f6580000,0x00000000f6580000,0x00000000f7d80000)
 ParOldGen       total 120832K, used 34344K [0x0000000080000000, 0x0000000087600000, 0x00000000d5580000)
  object space 120832K, 28% used [0x0000000080000000,0x000000008218a1a0,0x0000000087600000)
 Metaspace       used 56774K, capacity 59048K, committed 59160K, reserved 1099776K
  class space    used 7762K, capacity 8225K, committed 8240K, reserved 1048576K
}
Event: 12.228 GC heap before
{Heap before GC invocations=13 (full 3):
 PSYoungGen      total 423936K, used 402944K [0x00000000d5580000, 0x00000000f7d80000, 0x0000000100000000)
  eden space 402944K, 100% used [0x00000000d5580000,0x00000000edf00000,0x00000000edf00000)
  from space 20992K, 0% used [0x00000000edf00000,0x00000000edf00000,0x00000000ef380000)
  to   space 24576K, 0% used [0x00000000f6580000,0x00000000f6580000,0x00000000f7d80000)
 ParOldGen       total 120832K, used 34344K [0x0000000080000000, 0x0000000087600000, 0x00000000d5580000)
  object space 120832K, 28% used [0x0000000080000000,0x000000008218a1a0,0x0000000087600000)
 Metaspace       used 69570K, capacity 72772K, committed 72856K, reserved 1112064K
  class space    used 9502K, capacity 10125K, committed 10160K, reserved 1048576K
Event: 12.259 GC heap after
Heap after GC invocations=13 (full 3):
 PSYoungGen      total 523264K, used 24571K [0x00000000d5580000, 0x00000000f7d80000, 0x0000000100000000)
  eden space 498688K, 0% used [0x00000000d5580000,0x00000000d5580000,0x00000000f3c80000)
  from space 24576K, 99% used [0x00000000f6580000,0x00000000f7d7ee48,0x00000000f7d80000)
  to   space 29184K, 0% used [0x00000000f4480000,0x00000000f4480000,0x00000000f6100000)
 ParOldGen       total 120832K, used 36659K [0x0000000080000000, 0x0000000087600000, 0x00000000d5580000)
  object space 120832K, 30% used [0x0000000080000000,0x00000000823ccfb8,0x0000000087600000)
 Metaspace       used 69570K, capacity 72772K, committed 72856K, reserved 1112064K
  class space    used 9502K, capacity 10125K, committed 10160K, reserved 1048576K
}

