# JRE version: OpenJDK Runtime Environment (8.0_242-b01) (build 1.8.0_242-release-1644-b01)
# Java VM: OpenJDK 64-Bit Server VM (25.242-b01 mixed mode windows-amd64 compressed oops)
Heap:
 PSYoungGen      total 421376K, used 386501K [0x00000000d5580000, 0x00000000f2000000, 0x0000000100000000)
  eden space 374272K, 99% used [0x00000000d5580000,0x00000000ec287d60,0x00000000ec300000)
  from space 47104K, 26% used [0x00000000ef200000,0x00000000efe69970,0x00000000f2000000)
  to   space 47616K, 0% used [0x00000000ec300000,0x00000000ec300000,0x00000000ef180000)
 ParOldGen       total 192512K, used 113387K [0x0000000080000000, 0x000000008bc00000, 0x00000000d5580000)
  object space 192512K, 58% used [0x0000000080000000,0x0000000086ebaca8,0x000000008bc00000)
 Metaspace       used 111896K, capacity 117458K, committed 117708K, reserved 1150976K
  class space    used 14471K, capacity 15567K, committed 15616K, reserved 1048576K
GC Heap History (10 events):
Event: 4517.921 GC heap before
{Heap before GC invocations=30 (full 4):
 PSYoungGen      total 421888K, used 378464K [0x00000000d5580000, 0x00000000f2000000, 0x0000000100000000)
  eden space 374272K, 100% used [0x00000000d5580000,0x00000000ec300000,0x00000000ec300000)
  from space 47616K, 8% used [0x00000000ec300000,0x00000000ec718000,0x00000000ef180000)
  to   space 47104K, 0% used [0x00000000ef200000,0x00000000ef200000,0x00000000f2000000)
 ParOldGen       total 192512K, used 97098K [0x0000000080000000, 0x000000008bc00000, 0x00000000d5580000)
  object space 192512K, 50% used [0x0000000080000000,0x0000000085ed2818,0x000000008bc00000)
 Metaspace       used 111621K, capacity 117164K, committed 117452K, reserved 1150976K
  class space    used 14467K, capacity 15564K, committed 15616K, reserved 1048576K
Event: 4517.933 GC heap after
Heap after GC invocations=30 (full 4):
 PSYoungGen      total 421376K, used 4928K [0x00000000d5580000, 0x00000000f2000000, 0x0000000100000000)
  eden space 374272K, 0% used [0x00000000d5580000,0x00000000d5580000,0x00000000ec300000)
  from space 47104K, 10% used [0x00000000ef200000,0x00000000ef6d0000,0x00000000f2000000)
  to   space 47616K, 0% used [0x00000000ec300000,0x00000000ec300000,0x00000000ef180000)
 ParOldGen       total 192512K, used 100545K [0x0000000080000000, 0x000000008bc00000, 0x00000000d5580000)
  object space 192512K, 52% used [0x0000000080000000,0x0000000086230518,0x000000008bc00000)
 Metaspace       used 111621K, capacity 117164K, committed 117452K, reserved 1150976K
  class space    used 14467K, capacity 15564K, committed 15616K, reserved 1048576K
}
Event: 4518.772 GC heap before
{Heap before GC invocations=31 (full 4):
 PSYoungGen      total 421376K, used 379200K [0x00000000d5580000, 0x00000000f2000000, 0x0000000100000000)
  eden space 374272K, 100% used [0x00000000d5580000,0x00000000ec300000,0x00000000ec300000)
  from space 47104K, 10% used [0x00000000ef200000,0x00000000ef6d0000,0x00000000f2000000)
  to   space 47616K, 0% used [0x00000000ec300000,0x00000000ec300000,0x00000000ef180000)
 ParOldGen       total 192512K, used 100545K [0x0000000080000000, 0x000000008bc00000, 0x00000000d5580000)
  object space 192512K, 52% used [0x0000000080000000,0x0000000086230518,0x000000008bc00000)
 Metaspace       used 111764K, capacity 117368K, committed 117452K, reserved 1150976K
  class space    used 14469K, capacity 15564K, committed 15616K, reserved 1048576K
Event: 4518.790 GC heap after
Heap after GC invocations=31 (full 4):
 PSYoungGen      total 421888K, used 4311K [0x00000000d5580000, 0x00000000f2000000, 0x0000000100000000)
  eden space 374272K, 0% used [0x00000000d5580000,0x00000000d5580000,0x00000000ec300000)
  from space 47616K, 9% used [0x00000000ec300000,0x00000000ec735e18,0x00000000ef180000)
  to   space 47104K, 0% used [0x00000000ef200000,0x00000000ef200000,0x00000000f2000000)
 ParOldGen       total 192512K, used 103730K [0x0000000080000000, 0x000000008bc00000, 0x00000000d5580000)
  object space 192512K, 53% used [0x0000000080000000,0x000000008654cb30,0x000000008bc00000)
 Metaspace       used 111764K, capacity 117368K, committed 117452K, reserved 1150976K
  class space    used 14469K, capacity 15564K, committed 15616K, reserved 1048576K
}
Event: 4519.598 GC heap before
{Heap before GC invocations=32 (full 4):
 PSYoungGen      total 421888K, used 378583K [0x00000000d5580000, 0x00000000f2000000, 0x0000000100000000)
  eden space 374272K, 100% used [0x00000000d5580000,0x00000000ec300000,0x00000000ec300000)
  from space 47616K, 9% used [0x00000000ec300000,0x00000000ec735e18,0x00000000ef180000)
  to   space 47104K, 0% used [0x00000000ef200000,0x00000000ef200000,0x00000000f2000000)
 ParOldGen       total 192512K, used 103730K [0x0000000080000000, 0x000000008bc00000, 0x00000000d5580000)
  object space 192512K, 53% used [0x0000000080000000,0x000000008654cb30,0x000000008bc00000)
 Metaspace       used 111825K, capacity 117376K, committed 117452K, reserved 1150976K
  class space    used 14469K, capacity 15564K, committed 15616K, reserved 1048576K
Event: 4519.615 GC heap after
Heap after GC invocations=32 (full 4):
 PSYoungGen      total 421376K, used 5816K [0x00000000d5580000, 0x00000000f2000000, 0x0000000100000000)
  eden space 374272K, 0% used [0x00000000d5580000,0x00000000d5580000,0x00000000ec300000)
  from space 47104K, 12% used [0x00000000ef200000,0x00000000ef7ae038,0x00000000f2000000)
  to   space 47616K, 0% used [0x00000000ec300000,0x00000000ec300000,0x00000000ef180000)
 ParOldGen       total 192512K, used 106354K [0x0000000080000000, 0x000000008bc00000, 0x00000000d5580000)
  object space 192512K, 55% used [0x0000000080000000,0x00000000867dc9e8,0x000000008bc00000)
 Metaspace       used 111825K, capacity 117376K, committed 117452K, reserved 1150976K
  class space    used 14469K, capacity 15564K, committed 15616K, reserved 1048576K
}
Event: 4520.408 GC heap before
{Heap before GC invocations=33 (full 4):
 PSYoungGen      total 421376K, used 380088K [0x00000000d5580000, 0x00000000f2000000, 0x0000000100000000)
  eden space 374272K, 100% used [0x00000000d5580000,0x00000000ec300000,0x00000000ec300000)
  from space 47104K, 12% used [0x00000000ef200000,0x00000000ef7ae038,0x00000000f2000000)
  to   space 47616K, 0% used [0x00000000ec300000,0x00000000ec300000,0x00000000ef180000)
 ParOldGen       total 192512K, used 106354K [0x0000000080000000, 0x000000008bc00000, 0x00000000d5580000)
  object space 192512K, 55% used [0x0000000080000000,0x00000000867dc9e8,0x000000008bc00000)
 Metaspace       used 111858K, capacity 117458K, committed 117708K, reserved 1150976K
  class space    used 14471K, capacity 15567K, committed 15616K, reserved 1048576K
Event: 4520.432 GC heap after
Heap after GC invocations=33 (full 4):
 PSYoungGen      total 421888K, used 8487K [0x00000000d5580000, 0x00000000f2000000, 0x0000000100000000)
  eden space 374272K, 0% used [0x00000000d5580000,0x00000000d5580000,0x00000000ec300000)
  from space 47616K, 17% used [0x00000000ec300000,0x00000000ecb49ee8,0x00000000ef180000)
  to   space 47104K, 0% used [0x00000000ef200000,0x00000000ef200000,0x00000000f2000000)
 ParOldGen       total 192512K, used 108573K [0x0000000080000000, 0x000000008bc00000, 0x00000000d5580000)
  object space 192512K, 56% used [0x0000000080000000,0x0000000086a07588,0x000000008bc00000)
 Metaspace       used 111858K, capacity 117458K, committed 117708K, reserved 1150976K
  class space    used 14471K, capacity 15567K, committed 15616K, reserved 1048576K
}
Event: 4521.287 GC heap before
{Heap before GC invocations=34 (full 4):
 PSYoungGen      total 421888K, used 382759K [0x00000000d5580000, 0x00000000f2000000, 0x0000000100000000)
  eden space 374272K, 100% used [0x00000000d5580000,0x00000000ec300000,0x00000000ec300000)
  from space 47616K, 17% used [0x00000000ec300000,0x00000000ecb49ee8,0x00000000ef180000)
  to   space 47104K, 0% used [0x00000000ef200000,0x00000000ef200000,0x00000000f2000000)
 ParOldGen       total 192512K, used 108573K [0x0000000080000000, 0x000000008bc00000, 0x00000000d5580000)
  object space 192512K, 56% used [0x0000000080000000,0x0000000086a07588,0x000000008bc00000)
 Metaspace       used 111881K, capacity 117458K, committed 117708K, reserved 1150976K
  class space    used 14471K, capacity 15567K, committed 15616K, reserved 1048576K
Event: 4521.307 GC heap after
Heap after GC invocations=34 (full 4):
 PSYoungGen      total 421376K, used 12710K [0x00000000d5580000, 0x00000000f2000000, 0x0000000100000000)
  eden space 374272K, 0% used [0x00000000d5580000,0x00000000d5580000,0x00000000ec300000)
  from space 47104K, 26% used [0x00000000ef200000,0x00000000efe69970,0x00000000f2000000)
  to   space 47616K, 0% used [0x00000000ec300000,0x00000000ec300000,0x00000000ef180000)
 ParOldGen       total 192512K, used 113387K [0x0000000080000000, 0x000000008bc00000, 0x00000000d5580000)
  object space 192512K, 58% used [0x0000000080000000,0x0000000086ebaca8,0x000000008bc00000)
 Metaspace       used 111881K, capacity 117458K, committed 117708K, reserved 1150976K
  class space    used 14471K, capacity 15567K, committed 15616K, reserved 1048576K
}

