# JRE version: OpenJDK Runtime Environment (8.0_242-b01) (build 1.8.0_242-release-1644-b01)
# Java VM: OpenJDK 64-Bit Server VM (25.242-b01 mixed mode windows-amd64 compressed oops)
Heap:
 PSYoungGen      total 455168K, used 246321K [0x00000000d5580000, 0x00000000f6380000, 0x0000000100000000)
  eden space 417280K, 59% used [0x00000000d5580000,0x00000000e460c5d0,0x00000000eed00000)
  from space 37888K, 0% used [0x00000000f1180000,0x00000000f1180000,0x00000000f3680000)
  to   space 37376K, 0% used [0x00000000eed00000,0x00000000eed00000,0x00000000f1180000)
 ParOldGen       total 131072K, used 51884K [0x0000000080000000, 0x0000000088000000, 0x00000000d5580000)
  object space 131072K, 39% used [0x0000000080000000,0x00000000832ab2f0,0x0000000088000000)
 Metaspace       used 102393K, capacity 107692K, committed 107928K, reserved 1142784K
  class space    used 13598K, capacity 14654K, committed 14768K, reserved 1048576K
GC Heap History (10 events):
Event: 133.886 GC heap before
{Heap before GC invocations=16 (full 3):
 PSYoungGen      total 275968K, used 275697K [0x00000000d5580000, 0x00000000e8300000, 0x0000000100000000)
  eden space 260608K, 100% used [0x00000000d5580000,0x00000000e5400000,0x00000000e5400000)
  from space 15360K, 98% used [0x00000000e7400000,0x00000000e82bc558,0x00000000e8300000)
  to   space 22016K, 0% used [0x00000000e5800000,0x00000000e5800000,0x00000000e6d80000)
 ParOldGen       total 99840K, used 40037K [0x0000000080000000, 0x0000000086180000, 0x00000000d5580000)
  object space 99840K, 40% used [0x0000000080000000,0x0000000082719600,0x0000000086180000)
 Metaspace       used 69288K, capacity 72346K, committed 72600K, reserved 1112064K
  class space    used 9216K, capacity 9804K, committed 9904K, reserved 1048576K
Event: 133.918 GC heap after
Heap after GC invocations=16 (full 3):
 PSYoungGen      total 286720K, used 22010K [0x00000000d5580000, 0x00000000ee580000, 0x0000000100000000)
  eden space 264704K, 0% used [0x00000000d5580000,0x00000000d5580000,0x00000000e5800000)
  from space 22016K, 99% used [0x00000000e5800000,0x00000000e6d7ead8,0x00000000e6d80000)
  to   space 33792K, 0% used [0x00000000ec480000,0x00000000ec480000,0x00000000ee580000)
 ParOldGen       total 99840K, used 63743K [0x0000000080000000, 0x0000000086180000, 0x00000000d5580000)
  object space 99840K, 63% used [0x0000000080000000,0x0000000083e3ff08,0x0000000086180000)
 Metaspace       used 69288K, capacity 72346K, committed 72600K, reserved 1112064K
  class space    used 9216K, capacity 9804K, committed 9904K, reserved 1048576K
}
Event: 137.768 GC heap before
{Heap before GC invocations=17 (full 3):
 PSYoungGen      total 286720K, used 286714K [0x00000000d5580000, 0x00000000ee580000, 0x0000000100000000)
  eden space 264704K, 100% used [0x00000000d5580000,0x00000000e5800000,0x00000000e5800000)
  from space 22016K, 99% used [0x00000000e5800000,0x00000000e6d7ead8,0x00000000e6d80000)
  to   space 33792K, 0% used [0x00000000ec480000,0x00000000ec480000,0x00000000ee580000)
 ParOldGen       total 99840K, used 63743K [0x0000000080000000, 0x0000000086180000, 0x00000000d5580000)
  object space 99840K, 63% used [0x0000000080000000,0x0000000083e3ff08,0x0000000086180000)
 Metaspace       used 75206K, capacity 78552K, committed 78616K, reserved 1118208K
  class space    used 9902K, capacity 10517K, committed 10544K, reserved 1048576K
Event: 137.796 GC heap after
Heap after GC invocations=17 (full 3):
 PSYoungGen      total 367616K, used 18482K [0x00000000d5580000, 0x00000000ee180000, 0x0000000100000000)
  eden space 337920K, 0% used [0x00000000d5580000,0x00000000d5580000,0x00000000e9f80000)
  from space 29696K, 62% used [0x00000000ec480000,0x00000000ed68c9c0,0x00000000ee180000)
  to   space 33792K, 0% used [0x00000000e9f80000,0x00000000e9f80000,0x00000000ec080000)
 ParOldGen       total 99840K, used 80023K [0x0000000080000000, 0x0000000086180000, 0x00000000d5580000)
  object space 99840K, 80% used [0x0000000080000000,0x0000000084e25d28,0x0000000086180000)
 Metaspace       used 75206K, capacity 78552K, committed 78616K, reserved 1118208K
  class space    used 9902K, capacity 10517K, committed 10544K, reserved 1048576K
}
Event: 1475.278 GC heap before
{Heap before GC invocations=18 (full 3):
 PSYoungGen      total 367616K, used 356402K [0x00000000d5580000, 0x00000000ee180000, 0x0000000100000000)
  eden space 337920K, 100% used [0x00000000d5580000,0x00000000e9f80000,0x00000000e9f80000)
  from space 29696K, 62% used [0x00000000ec480000,0x00000000ed68c9c0,0x00000000ee180000)
  to   space 33792K, 0% used [0x00000000e9f80000,0x00000000e9f80000,0x00000000ec080000)
 ParOldGen       total 99840K, used 80023K [0x0000000080000000, 0x0000000086180000, 0x00000000d5580000)
  object space 99840K, 80% used [0x0000000080000000,0x0000000084e25d28,0x0000000086180000)
 Metaspace       used 93270K, capacity 98404K, committed 98600K, reserved 1134592K
  class space    used 12401K, capacity 13370K, committed 13488K, reserved 1048576K
Event: 1475.309 GC heap after
Heap after GC invocations=18 (full 3):
 PSYoungGen      total 371712K, used 30752K [0x00000000d5580000, 0x00000000f3680000, 0x0000000100000000)
  eden space 337920K, 0% used [0x00000000d5580000,0x00000000d5580000,0x00000000e9f80000)
  from space 33792K, 91% used [0x00000000e9f80000,0x00000000ebd880e8,0x00000000ec080000)
  to   space 37888K, 0% used [0x00000000f1180000,0x00000000f1180000,0x00000000f3680000)
 ParOldGen       total 99840K, used 80031K [0x0000000080000000, 0x0000000086180000, 0x00000000d5580000)
  object space 99840K, 80% used [0x0000000080000000,0x0000000084e27d28,0x0000000086180000)
 Metaspace       used 93270K, capacity 98404K, committed 98600K, reserved 1134592K
  class space    used 12401K, capacity 13370K, committed 13488K, reserved 1048576K
}
Event: 1475.376 GC heap before
{Heap before GC invocations=19 (full 3):
 PSYoungGen      total 371712K, used 40896K [0x00000000d5580000, 0x00000000f3680000, 0x0000000100000000)
  eden space 337920K, 3% used [0x00000000d5580000,0x00000000d5f67f90,0x00000000e9f80000)
  from space 33792K, 91% used [0x00000000e9f80000,0x00000000ebd880e8,0x00000000ec080000)
  to   space 37888K, 0% used [0x00000000f1180000,0x00000000f1180000,0x00000000f3680000)
 ParOldGen       total 99840K, used 80031K [0x0000000080000000, 0x0000000086180000, 0x00000000d5580000)
  object space 99840K, 80% used [0x0000000080000000,0x0000000084e27d28,0x0000000086180000)
 Metaspace       used 93396K, capacity 98480K, committed 98600K, reserved 1134592K
  class space    used 12416K, capacity 13372K, committed 13488K, reserved 1048576K
Event: 1475.391 GC heap after
Heap after GC invocations=19 (full 3):
 PSYoungGen      total 455168K, used 19752K [0x00000000d5580000, 0x00000000f6380000, 0x0000000100000000)
  eden space 417280K, 0% used [0x00000000d5580000,0x00000000d5580000,0x00000000eed00000)
  from space 37888K, 52% used [0x00000000f1180000,0x00000000f24ca0d0,0x00000000f3680000)
  to   space 37376K, 0% used [0x00000000eed00000,0x00000000eed00000,0x00000000f1180000)
 ParOldGen       total 99840K, used 80039K [0x0000000080000000, 0x0000000086180000, 0x00000000d5580000)
  object space 99840K, 80% used [0x0000000080000000,0x0000000084e29d28,0x0000000086180000)
 Metaspace       used 93396K, capacity 98480K, committed 98600K, reserved 1134592K
  class space    used 12416K, capacity 13372K, committed 13488K, reserved 1048576K
}
Event: 1475.391 GC heap before
{Heap before GC invocations=20 (full 4):
 PSYoungGen      total 455168K, used 19752K [0x00000000d5580000, 0x00000000f6380000, 0x0000000100000000)
  eden space 417280K, 0% used [0x00000000d5580000,0x00000000d5580000,0x00000000eed00000)
  from space 37888K, 52% used [0x00000000f1180000,0x00000000f24ca0d0,0x00000000f3680000)
  to   space 37376K, 0% used [0x00000000eed00000,0x00000000eed00000,0x00000000f1180000)
 ParOldGen       total 99840K, used 80039K [0x0000000080000000, 0x0000000086180000, 0x00000000d5580000)
  object space 99840K, 80% used [0x0000000080000000,0x0000000084e29d28,0x0000000086180000)
 Metaspace       used 93396K, capacity 98480K, committed 98600K, reserved 1134592K
  class space    used 12416K, capacity 13372K, committed 13488K, reserved 1048576K
Event: 1475.545 GC heap after
Heap after GC invocations=20 (full 4):
 PSYoungGen      total 455168K, used 0K [0x00000000d5580000, 0x00000000f6380000, 0x0000000100000000)
  eden space 417280K, 0% used [0x00000000d5580000,0x00000000d5580000,0x00000000eed00000)
  from space 37888K, 0% used [0x00000000f1180000,0x00000000f1180000,0x00000000f3680000)
  to   space 37376K, 0% used [0x00000000eed00000,0x00000000eed00000,0x00000000f1180000)
 ParOldGen       total 131072K, used 51884K [0x0000000080000000, 0x0000000088000000, 0x00000000d5580000)
  object space 131072K, 39% used [0x0000000080000000,0x00000000832ab2f0,0x0000000088000000)
 Metaspace       used 93071K, capacity 97702K, committed 98600K, reserved 1134592K
  class space    used 12299K, capacity 13163K, committed 13488K, reserved 1048576K
}

